#
# There is insufficient memory for the Java Runtime Environment to continue.
# Native memory allocation (malloc) failed to allocate 1083056 bytes for Chunk::new
# Possible reasons:
#   The system is out of physical RAM or swap space
#   In 32 bit mode, the process size limit was hit
# Possible solutions:
#   Reduce memory load on the system
#   Increase physical memory or swap space
#   Check if swap backing store is full
#   Use 64 bit Java on a 64 bit OS
#   Decrease Java heap size (-Xmx/-Xms)
#   Decrease number of Java threads
#   Decrease Java thread stack sizes (-Xss)
#   Set larger code cache with -XX:ReservedCodeCacheSize=
# This output file may be truncated or incomplete.
#
#  Out of Memory Error (allocation.cpp:390), pid=8280, tid=0x0000000000002114
#
# JRE version: OpenJDK Runtime Environment (8.0_152-b02) (build 1.8.0_152-release-1024-b02)
# Java VM: OpenJDK 64-Bit Server VM (25.152-b02 mixed mode windows-amd64 compressed oops)
# Failed to write core dump. Minidumps are not enabled by default on client versions of Windows
#

---------------  T H R E A D  ---------------

Current thread (0x000000001589b800):  JavaThread "C2 CompilerThread0" daemon [_thread_in_native, id=8468, stack(0x0000000016f00000,0x0000000017000000)]

Stack: [0x0000000016f00000,0x0000000017000000]
[error occurred during error reporting (printing stack bounds), id 0xc0000005]

Native frames: (J=compiled Java code, j=interpreted, Vv=VM code, C=native code)


Current CompileTask:
C2:  11304 4409   !   4       java.net.URLClassLoader$1::run (63 bytes)


---------------  P R O C E S S  ---------------

Java Threads: ( => current thread )
  0x000000001cda8000 JavaThread "Memory manager" [_thread_blocked, id=3892, stack(0x000000001fae0000,0x000000001fbe0000)]
  0x000000001cda5000 JavaThread "build operations Thread 4" [_thread_blocked, id=7880, stack(0x000000001f9e0000,0x000000001fae0000)]
  0x000000001cda9000 JavaThread "build operations Thread 3" [_thread_blocked, id=6232, stack(0x000000001f8e0000,0x000000001f9e0000)]
  0x000000001cda3800 JavaThread "build operations Thread 2" [_thread_blocked, id=5220, stack(0x000000001f7e0000,0x000000001f8e0000)]
  0x000000001cda4800 JavaThread "build operations" [_thread_blocked, id=12456, stack(0x000000001ec10000,0x000000001ed10000)]
  0x000000001cda7800 JavaThread "Cache worker for Artifact transforms cache (C:\Users\henri\.gradle\caches\transforms-1)" [_thread_blocked, id=4436, stack(0x000000001c900000,0x000000001ca00000)]
  0x000000001a488800 JavaThread "Cache worker for file hash cache (C:\Users\henri\Desktop\Projetos Android\AIG\.gradle\4.4\fileHashes)" [_thread_blocked, id=13036, stack(0x000000001b430000,0x000000001b530000)]
  0x0000000018a02800 JavaThread "File lock request listener" [_thread_in_native, id=10804, stack(0x000000001a360000,0x000000001a460000)]
  0x00000000189a2800 JavaThread "Cache worker for file hash cache (C:\Users\henri\.gradle\caches\4.4\fileHashes)" [_thread_blocked, id=7924, stack(0x000000001a260000,0x000000001a360000)]
  0x00000000187fe800 JavaThread "Stdin handler" [_thread_blocked, id=3752, stack(0x0000000019f60000,0x000000001a060000)]
  0x00000000187fd800 JavaThread "Asynchronous log dispatcher for DefaultDaemonConnection: socket connection from /127.0.0.1:14206 to /127.0.0.1:14207" [_thread_blocked, id=68, stack(0x0000000019e60000,0x0000000019f60000)]
  0x00000000187ee000 JavaThread "Daemon worker" [_thread_in_native, id=6960, stack(0x0000000019d60000,0x0000000019e60000)]
  0x000000001883e000 JavaThread "Cancel handler" [_thread_blocked, id=288, stack(0x0000000019c60000,0x0000000019d60000)]
  0x00000000187bc800 JavaThread "Handler for socket connection from /127.0.0.1:14206 to /127.0.0.1:14207" [_thread_in_native, id=5264, stack(0x0000000019960000,0x0000000019a60000)]
  0x00000000187ba000 JavaThread "Daemon" [_thread_blocked, id=10564, stack(0x0000000019860000,0x0000000019960000)]
  0x00000000188e4000 JavaThread "Daemon periodic checks" [_thread_blocked, id=5292, stack(0x0000000019760000,0x0000000019860000)]
  0x00000000188d6000 JavaThread "Incoming local TCP Connector on port 14206" [_thread_in_native, id=6528, stack(0x0000000019510000,0x0000000019610000)]
  0x00000000158fe800 JavaThread "Service Thread" daemon [_thread_blocked, id=2420, stack(0x0000000017600000,0x0000000017700000)]
  0x00000000158ab800 JavaThread "C1 CompilerThread2" daemon [_thread_in_native, id=1236, stack(0x0000000017100000,0x0000000017200000)]
  0x00000000158a0000 JavaThread "C2 CompilerThread1" daemon [_thread_in_native, id=5700, stack(0x0000000017000000,0x0000000017100000)]
=>0x000000001589b800 JavaThread "C2 CompilerThread0" daemon [_thread_in_native, id=8468, stack(0x0000000016f00000,0x0000000017000000)]
  0x00000000158a7000 JavaThread "Attach Listener" daemon [_thread_blocked, id=11924, stack(0x0000000016e00000,0x0000000016f00000)]
  0x00000000158a6000 JavaThread "Signal Dispatcher" daemon [_thread_blocked, id=10264, stack(0x0000000016d00000,0x0000000016e00000)]
  0x0000000015888800 JavaThread "Finalizer" daemon [_thread_blocked, id=2772, stack(0x0000000016af0000,0x0000000016bf0000)]
  0x00000000031c2000 JavaThread "Reference Handler" daemon [_thread_blocked, id=5684, stack(0x00000000169f0000,0x0000000016af0000)]
  0x000000000174e800 JavaThread "main" [_thread_blocked, id=6680, stack(0x0000000002fd0000,0x00000000030d0000)]

Other Threads:
  0x0000000015865800 VMThread [stack: 0x00000000168f0000,0x00000000169f0000] [id=8044]
  0x000000001722a800 WatcherThread [stack: 0x0000000017700000,0x0000000017800000] [id=2276]

VM state:not at safepoint (normal execution)

VM Mutex/Monitor currently owned by a thread: None

Heap:
 PSYoungGen      total 152576K, used 78524K [0x00000000eab00000, 0x00000000f7580000, 0x0000000100000000)
  eden space 139776K, 47% used [0x00000000eab00000,0x00000000eeb32b00,0x00000000f3380000)
  from space 12800K, 99% used [0x00000000f4200000,0x00000000f4e7c750,0x00000000f4e80000)
  to   space 14848K, 0% used [0x00000000f3380000,0x00000000f3380000,0x00000000f4200000)
 ParOldGen       total 103936K, used 20957K [0x00000000c0000000, 0x00000000c6580000, 0x00000000eab00000)
  object space 103936K, 20% used [0x00000000c0000000,0x00000000c14776d0,0x00000000c6580000)
 Metaspace       used 44956K, capacity 45984K, committed 46208K, reserved 1089536K
  class space    used 6160K, capacity 6455K, committed 6528K, reserved 1048576K

Card table byte_map: [0x0000000012590000,0x00000000127a0000] byte_map_base: 0x0000000011f90000

Marking Bits: (ParMarkBitMap*) 0x0000000075294970
 Begin Bits: [0x0000000012d00000, 0x0000000013d00000)
 End Bits:   [0x0000000013d00000, 0x0000000014d00000)

Polling page: 0x00000000013d0000

CodeCache: size=245760Kb used=14249Kb max_used=14543Kb free=231510Kb
 bounds [0x00000000031d0000, 0x0000000004020000, 0x00000000121d0000]
 total_blobs=4813 nmethods=4084 adapters=641
 compilation: enabled

Compilation events (10 events):
Event: 11.296 Thread 0x00000000158ab800 nmethod 4468 0x0000000003ab3590 code [0x0000000003ab3700, 0x0000000003ab39a8]
Event: 11.296 Thread 0x00000000158ab800 4469       3       com.sun.org.apache.xerces.internal.utils.XMLSecurityManager::isOverLimit (111 bytes)
Event: 11.297 Thread 0x00000000158ab800 nmethod 4469 0x00000000037b2850 code [0x00000000037b2a20, 0x00000000037b34d0]
Event: 11.297 Thread 0x00000000158ab800 4470       3       com.sun.org.apache.xerces.internal.utils.XMLLimitAnalyzer::getTotalValue (7 bytes)
Event: 11.297 Thread 0x00000000158ab800 nmethod 4470 0x00000000033be510 code [0x00000000033be660, 0x00000000033be7d0]
Event: 11.297 Thread 0x00000000158ab800 4471       3       com.sun.org.apache.xerces.internal.impl.XMLEntityScanner::skipChar (285 bytes)
Event: 11.297 Thread 0x00000000158ab800 nmethod 4471 0x0000000003796f10 code [0x00000000037970e0, 0x0000000003797808]
Event: 11.297 Thread 0x00000000158ab800 4473       3       com.sun.org.apache.xerces.internal.utils.XMLLimitAnalyzer::addValue (11 bytes)
Event: 11.297 Thread 0x00000000158ab800 nmethod 4473 0x000000000350fd90 code [0x000000000350ff00, 0x00000000035101a8]
Event: 11.297 Thread 0x00000000158ab800 4476       3       com.sun.org.apache.xerces.internal.impl.XMLEntityScanner::scanContent (690 bytes)

GC Heap History (10 events):
Event: 3.285 GC heap before
{Heap before GC invocations=6 (full 1):
 PSYoungGen      total 71680K, used 5092K [0x00000000eab00000, 0x00000000f4000000, 0x0000000100000000)
  eden space 66560K, 0% used [0x00000000eab00000,0x00000000eab00000,0x00000000eec00000)
  from space 5120K, 99% used [0x00000000eec00000,0x00000000ef0f9050,0x00000000ef100000)
  to   space 9728K, 0% used [0x00000000f3680000,0x00000000f3680000,0x00000000f4000000)
 ParOldGen       total 87552K, used 8122K [0x00000000c0000000, 0x00000000c5580000, 0x00000000eab00000)
  object space 87552K, 9% used [0x00000000c0000000,0x00000000c07eeb80,0x00000000c5580000)
 Metaspace       used 20809K, capacity 21208K, committed 21248K, reserved 1067008K
  class space    used 2899K, capacity 3042K, committed 3072K, reserved 1048576K
Event: 3.344 GC heap after
Heap after GC invocations=6 (full 1):
 PSYoungGen      total 71680K, used 0K [0x00000000eab00000, 0x00000000f4000000, 0x0000000100000000)
  eden space 66560K, 0% used [0x00000000eab00000,0x00000000eab00000,0x00000000eec00000)
  from space 5120K, 0% used [0x00000000eec00000,0x00000000eec00000,0x00000000ef100000)
  to   space 9728K, 0% used [0x00000000f3680000,0x00000000f3680000,0x00000000f4000000)
 ParOldGen       total 61440K, used 7883K [0x00000000c0000000, 0x00000000c3c00000, 0x00000000eab00000)
  object space 61440K, 12% used [0x00000000c0000000,0x00000000c07b2ca8,0x00000000c3c00000)
 Metaspace       used 20809K, capacity 21208K, committed 21248K, reserved 1067008K
  class space    used 2899K, capacity 3042K, committed 3072K, reserved 1048576K
}
Event: 5.126 GC heap before
{Heap before GC invocations=7 (full 1):
 PSYoungGen      total 71680K, used 66560K [0x00000000eab00000, 0x00000000f4000000, 0x0000000100000000)
  eden space 66560K, 100% used [0x00000000eab00000,0x00000000eec00000,0x00000000eec00000)
  from space 5120K, 0% used [0x00000000eec00000,0x00000000eec00000,0x00000000ef100000)
  to   space 9728K, 0% used [0x00000000f3680000,0x00000000f3680000,0x00000000f4000000)
 ParOldGen       total 61440K, used 7883K [0x00000000c0000000, 0x00000000c3c00000, 0x00000000eab00000)
  object space 61440K, 12% used [0x00000000c0000000,0x00000000c07b2ca8,0x00000000c3c00000)
 Metaspace       used 26621K, capacity 27128K, committed 27136K, reserved 1073152K
  class space    used 3670K, capacity 3833K, committed 3840K, reserved 1048576K
Event: 5.136 GC heap after
Heap after GC invocations=7 (full 1):
 PSYoungGen      total 106496K, used 7345K [0x00000000eab00000, 0x00000000f3e00000, 0x0000000100000000)
  eden space 98816K, 0% used [0x00000000eab00000,0x00000000eab00000,0x00000000f0b80000)
  from space 7680K, 95% used [0x00000000f3680000,0x00000000f3dac6c0,0x00000000f3e00000)
  to   space 9728K, 0% used [0x00000000f2b00000,0x00000000f2b00000,0x00000000f3480000)
 ParOldGen       total 61440K, used 7891K [0x00000000c0000000, 0x00000000c3c00000, 0x00000000eab00000)
  object space 61440K, 12% used [0x00000000c0000000,0x00000000c07b4ca8,0x00000000c3c00000)
 Metaspace       used 26621K, capacity 27128K, committed 27136K, reserved 1073152K
  class space    used 3670K, capacity 3833K, committed 3840K, reserved 1048576K
}
Event: 7.357 GC heap before
{Heap before GC invocations=8 (full 1):
 PSYoungGen      total 106496K, used 98213K [0x00000000eab00000, 0x00000000f3e00000, 0x0000000100000000)
  eden space 98816K, 91% used [0x00000000eab00000,0x00000000f03bceb0,0x00000000f0b80000)
  from space 7680K, 95% used [0x00000000f3680000,0x00000000f3dac6c0,0x00000000f3e00000)
  to   space 9728K, 0% used [0x00000000f2b00000,0x00000000f2b00000,0x00000000f3480000)
 ParOldGen       total 61440K, used 7891K [0x00000000c0000000, 0x00000000c3c00000, 0x00000000eab00000)
  object space 61440K, 12% used [0x00000000c0000000,0x00000000c07b4ca8,0x00000000c3c00000)
 Metaspace       used 34560K, capacity 35276K, committed 35416K, reserved 1079296K
  class space    used 4766K, capacity 5000K, committed 5120K, reserved 1048576K
Event: 7.368 GC heap after
Heap after GC invocations=8 (full 1):
 PSYoungGen      total 140800K, used 9707K [0x00000000eab00000, 0x00000000f4e80000, 0x0000000100000000)
  eden space 131072K, 0% used [0x00000000eab00000,0x00000000eab00000,0x00000000f2b00000)
  from space 9728K, 99% used [0x00000000f2b00000,0x00000000f347ac28,0x00000000f3480000)
  to   space 12800K, 0% used [0x00000000f4200000,0x00000000f4200000,0x00000000f4e80000)
 ParOldGen       total 61440K, used 11190K [0x00000000c0000000, 0x00000000c3c00000, 0x00000000eab00000)
  object space 61440K, 18% used [0x00000000c0000000,0x00000000c0aedb58,0x00000000c3c00000)
 Metaspace       used 34560K, capacity 35276K, committed 35416K, reserved 1079296K
  class space    used 4766K, capacity 5000K, committed 5120K, reserved 1048576K
}
Event: 7.368 GC heap before
{Heap before GC invocations=9 (full 2):
 PSYoungGen      total 140800K, used 9707K [0x00000000eab00000, 0x00000000f4e80000, 0x0000000100000000)
  eden space 131072K, 0% used [0x00000000eab00000,0x00000000eab00000,0x00000000f2b00000)
  from space 9728K, 99% used [0x00000000f2b00000,0x00000000f347ac28,0x00000000f3480000)
  to   space 12800K, 0% used [0x00000000f4200000,0x00000000f4200000,0x00000000f4e80000)
 ParOldGen       total 61440K, used 11190K [0x00000000c0000000, 0x00000000c3c00000, 0x00000000eab00000)
  object space 61440K, 18% used [0x00000000c0000000,0x00000000c0aedb58,0x00000000c3c00000)
 Metaspace       used 34560K, capacity 35276K, committed 35416K, reserved 1079296K
  class space    used 4766K, capacity 5000K, committed 5120K, reserved 1048576K
Event: 7.478 GC heap after
Heap after GC invocations=9 (full 2):
 PSYoungGen      total 140800K, used 0K [0x00000000eab00000, 0x00000000f4e80000, 0x0000000100000000)
  eden space 131072K, 0% used [0x00000000eab00000,0x00000000eab00000,0x00000000f2b00000)
  from space 9728K, 0% used [0x00000000f2b00000,0x00000000f2b00000,0x00000000f3480000)
  to   space 12800K, 0% used [0x00000000f4200000,0x00000000f4200000,0x00000000f4e80000)
 ParOldGen       total 103936K, used 19284K [0x00000000c0000000, 0x00000000c6580000, 0x00000000eab00000)
  object space 103936K, 18% used [0x00000000c0000000,0x00000000c12d5348,0x00000000c6580000)
 Metaspace       used 34560K, capacity 35276K, committed 35416K, reserved 1079296K
  class space    used 4766K, capacity 5000K, committed 5120K, reserved 1048576K
}
Event: 10.072 GC heap before
{Heap before GC invocations=10 (full 2):
 PSYoungGen      total 140800K, used 131072K [0x00000000eab00000, 0x00000000f4e80000, 0x0000000100000000)
  eden space 131072K, 100% used [0x00000000eab00000,0x00000000f2b00000,0x00000000f2b00000)
  from space 9728K, 0% used [0x00000000f2b00000,0x00000000f2b00000,0x00000000f3480000)
  to   space 12800K, 0% used [0x00000000f4200000,0x00000000f4200000,0x00000000f4e80000)
 ParOldGen       total 103936K, used 19284K [0x00000000c0000000, 0x00000000c6580000, 0x00000000eab00000)
  object space 103936K, 18% used [0x00000000c0000000,0x00000000c12d5348,0x00000000c6580000)
 Metaspace       used 41414K, capacity 42376K, committed 42624K, reserved 1085440K
  class space    used 5667K, capacity 5957K, committed 6016K, reserved 1048576K
Event: 10.093 GC heap after
Heap after GC invocations=10 (full 2):
 PSYoungGen      total 152576K, used 12785K [0x00000000eab00000, 0x00000000f7580000, 0x0000000100000000)
  eden space 139776K, 0% used [0x00000000eab00000,0x00000000eab00000,0x00000000f3380000)
  from space 12800K, 99% used [0x00000000f4200000,0x00000000f4e7c750,0x00000000f4e80000)
  to   space 14848K, 0% used [0x00000000f3380000,0x00000000f3380000,0x00000000f4200000)
 ParOldGen       total 103936K, used 20957K [0x00000000c0000000, 0x00000000c6580000, 0x00000000eab00000)
  object space 103936K, 20% used [0x00000000c0000000,0x00000000c14776d0,0x00000000c6580000)
 Metaspace       used 41414K, capacity 42376K, committed 42624K, reserved 1085440K
  class space    used 5667K, capacity 5957K, committed 6016K, reserved 1048576K
}

Deoptimization events (10 events):
Event: 9.310 Thread 0x00000000187ee000 Uncommon trap: reason=class_check action=maybe_recompile pc=0x0000000003a5aae8 method=org.codehaus.groovy.runtime.metaclass.MetaMethodIndex.addMethodToList(Ljava/lang/Object;Lgroovy/lang/MetaMethod;)Ljava/lang/Object; @ 220
Event: 9.365 Thread 0x00000000187ee000 Uncommon trap: reason=unstable_if action=reinterpret pc=0x000000000372b640 method=java.lang.ClassLoader.checkCerts(Ljava/lang/String;Ljava/security/CodeSource;)V @ 29
Event: 9.401 Thread 0x00000000187ee000 Uncommon trap: reason=unstable_if action=reinterpret pc=0x0000000003e908a8 method=groovy.lang.MetaClassImpl.checkIfStdMethod(Lgroovy/lang/MetaMethod;)V @ 55
Event: 9.425 Thread 0x00000000187ee000 Uncommon trap: reason=unstable_if action=reinterpret pc=0x0000000003be7fcc method=groovy.lang.MetaClassImpl$1MOPIter.methodNameAction(Ljava/lang/Class;Lorg/codehaus/groovy/runtime/metaclass/MetaMethodIndex$Entry;)V @ 259
Event: 9.475 Thread 0x00000000187ee000 Uncommon trap: reason=unstable_if action=reinterpret pc=0x0000000003df03cc method=java.lang.ClassLoader.checkCerts(Ljava/lang/String;Ljava/security/CodeSource;)V @ 29
Event: 11.128 Thread 0x00000000187ee000 Uncommon trap: reason=class_check action=maybe_recompile pc=0x00000000037480c0 method=java.io.DataInputStream.readUnsignedShort()I @ 4
Event: 11.128 Thread 0x00000000187ee000 Uncommon trap: reason=class_check action=maybe_recompile pc=0x00000000037480c0 method=java.io.DataInputStream.readUnsignedShort()I @ 4
Event: 11.128 Thread 0x00000000187ee000 Uncommon trap: reason=class_check action=maybe_recompile pc=0x00000000037480c0 method=java.io.DataInputStream.readUnsignedShort()I @ 4
Event: 11.128 Thread 0x00000000187ee000 Uncommon trap: reason=class_check action=maybe_recompile pc=0x00000000037480c0 method=java.io.DataInputStream.readUnsignedShort()I @ 4
Event: 11.196 Thread 0x00000000187ee000 Uncommon trap: reason=unstable_if action=reinterpret pc=0x0000000003fff318 method=java.io.DataInputStream.readUTF(Ljava/io/DataInput;)Ljava/lang/String; @ 31

Classes redefined (0 events):
No events

Internal exceptions (10 events):
Event: 10.896 Thread 0x00000000187ee000 Exception <a 'sun/nio/fs/WindowsException'> (0x00000000ed283030) thrown at [D:\src\AOSP-openjdk-cygwin\jdk8u\hotspot\src\share\vm\prims\jni.cpp, line 709]
Event: 10.896 Thread 0x00000000187ee000 Exception <a 'sun/nio/fs/WindowsException'> (0x00000000ed283c10) thrown at [D:\src\AOSP-openjdk-cygwin\jdk8u\hotspot\src\share\vm\prims\jni.cpp, line 709]
Event: 10.896 Thread 0x00000000187ee000 Exception <a 'sun/nio/fs/WindowsException'> (0x00000000ed285828) thrown at [D:\src\AOSP-openjdk-cygwin\jdk8u\hotspot\src\share\vm\prims\jni.cpp, line 709]
Event: 10.896 Thread 0x00000000187ee000 Exception <a 'sun/nio/fs/WindowsException'> (0x00000000ed286448) thrown at [D:\src\AOSP-openjdk-cygwin\jdk8u\hotspot\src\share\vm\prims\jni.cpp, line 709]
Event: 10.896 Thread 0x00000000187ee000 Exception <a 'sun/nio/fs/WindowsException'> (0x00000000ed2892a0) thrown at [D:\src\AOSP-openjdk-cygwin\jdk8u\hotspot\src\share\vm\prims\jni.cpp, line 709]
Event: 10.896 Thread 0x00000000187ee000 Exception <a 'sun/nio/fs/WindowsException'> (0x00000000ed289f60) thrown at [D:\src\AOSP-openjdk-cygwin\jdk8u\hotspot\src\share\vm\prims\jni.cpp, line 709]
Event: 10.896 Thread 0x00000000187ee000 Exception <a 'sun/nio/fs/WindowsException'> (0x00000000ed28bc68) thrown at [D:\src\AOSP-openjdk-cygwin\jdk8u\hotspot\src\share\vm\prims\jni.cpp, line 709]
Event: 10.896 Thread 0x00000000187ee000 Exception <a 'sun/nio/fs/WindowsException'> (0x00000000ed28c960) thrown at [D:\src\AOSP-openjdk-cygwin\jdk8u\hotspot\src\share\vm\prims\jni.cpp, line 709]
Event: 10.902 Thread 0x00000000187ee000 Exception <a 'java/lang/ClassNotFoundException': com/sun/org/glassfish/hk2/osgiresourcelocator/ServiceLoader> (0x00000000ed2e59f8) thrown at [D:\src\AOSP-openjdk-cygwin\jdk8u\hotspot\src\share\vm\classfile\systemDictionary.cpp, line 210]
Event: 10.940 Thread 0x00000000187ee000 Exception <a 'java/lang/NullPointerException'> (0x00000000ed74f4c0) thrown at [D:\src\AOSP-openjdk-cygwin\jdk8u\hotspot\src\share\vm\interpreter\linkResolver.cpp, line 1301]

Events (10 events):
Event: 11.288 Thread 0x00000000158ab800 flushing nmethod 0x0000000003990710
Event: 11.288 Thread 0x00000000158ab800 flushing nmethod 0x00000000039c69d0
Event: 11.288 loading class com/sun/org/apache/xerces/internal/impl/xs/SchemaSymbols done
Event: 11.289 Thread 0x00000000158ab800 flushing nmethod 0x0000000003ab3590
Event: 11.289 Thread 0x00000000158ab800 flushing nmethod 0x0000000003abe210
Event: 11.291 loading class com/sun/org/apache/xerces/internal/impl/xs/opti/AttrImpl
Event: 11.292 loading class com/sun/org/apache/xerces/internal/impl/xs/opti/AttrImpl done
Event: 11.292 loading class com/sun/org/apache/xerces/internal/util/NamespaceSupport$Prefixes
Event: 11.292 loading class com/sun/org/apache/xerces/internal/util/NamespaceSupport$Prefixes done
Event: 11.294 Thread 0x00000000158ab800 flushing nmethod 0x0000000003b75cd0


Dynamic libraries:
0x00007ff662160000 - 0x00007ff662191000 	C:\Program Files\Android\Android Studio\jre\bin\java.exe
0x00007ff80d210000 - 0x00007ff80d3f1000 	C:\WINDOWS\SYSTEM32\ntdll.dll
0x00007ff80d030000 - 0x00007ff80d0e2000 	C:\WINDOWS\System32\KERNEL32.DLL
0x00007ff809a20000 - 0x00007ff809c93000 	C:\WINDOWS\System32\KERNELBASE.dll
0x00007ff80a900000 - 0x00007ff80a9a1000 	C:\WINDOWS\System32\ADVAPI32.dll
0x00007ff80bf00000 - 0x00007ff80bf9e000 	C:\WINDOWS\System32\msvcrt.dll
0x00007ff80c110000 - 0x00007ff80c16b000 	C:\WINDOWS\System32\sechost.dll
0x00007ff80c4d0000 - 0x00007ff80c5f4000 	C:\WINDOWS\System32\RPCRT4.dll
0x00007ff80c1d0000 - 0x00007ff80c360000 	C:\WINDOWS\System32\USER32.dll
0x00007ff809d40000 - 0x00007ff809d60000 	C:\WINDOWS\System32\win32u.dll
0x00007ff80c170000 - 0x00007ff80c198000 	C:\WINDOWS\System32\GDI32.dll
0x00007ff8097d0000 - 0x00007ff809962000 	C:\WINDOWS\System32\gdi32full.dll
0x00007ff809ca0000 - 0x00007ff809d3f000 	C:\WINDOWS\System32\msvcp_win.dll
0x00007ff809db0000 - 0x00007ff809eaa000 	C:\WINDOWS\System32\ucrtbase.dll
0x00007ffffe980000 - 0x00007ffffebe9000 	C:\WINDOWS\WinSxS\amd64_microsoft.windows.common-controls_6595b64144ccf1df_6.0.17134.228_none_fb4599993062b194\COMCTL32.dll
0x00007ff80c800000 - 0x00007ff80cb23000 	C:\WINDOWS\System32\combase.dll
0x00007ff80a620000 - 0x00007ff80a69a000 	C:\WINDOWS\System32\bcryptPrimitives.dll
0x00007ff80c1a0000 - 0x00007ff80c1cd000 	C:\WINDOWS\System32\IMM32.DLL
0x00000000749f0000 - 0x0000000074ac2000 	C:\Program Files\Android\Android Studio\jre\jre\bin\msvcr100.dll
0x0000000074ad0000 - 0x000000007530f000 	C:\Program Files\Android\Android Studio\jre\jre\bin\server\jvm.dll
0x00007ff80c360000 - 0x00007ff80c368000 	C:\WINDOWS\System32\PSAPI.DLL
0x00007ff800000000 - 0x00007ff800009000 	C:\WINDOWS\SYSTEM32\WSOCK32.dll
0x00007ff80bfa0000 - 0x00007ff80c00c000 	C:\WINDOWS\System32\WS2_32.dll
0x00007ff8055d0000 - 0x00007ff8055f3000 	C:\WINDOWS\SYSTEM32\WINMM.dll
0x00007ff8032f0000 - 0x00007ff8032fa000 	C:\WINDOWS\SYSTEM32\VERSION.dll
0x00007ff8055a0000 - 0x00007ff8055ca000 	C:\WINDOWS\SYSTEM32\WINMMBASE.dll
0x00007ff809d60000 - 0x00007ff809da9000 	C:\WINDOWS\System32\cfgmgr32.dll
0x00007ff806150000 - 0x00007ff80615f000 	C:\Program Files\Android\Android Studio\jre\jre\bin\verify.dll
0x00007ffffd720000 - 0x00007ffffd749000 	C:\Program Files\Android\Android Studio\jre\jre\bin\java.dll
0x00007ff804a50000 - 0x00007ff804a66000 	C:\Program Files\Android\Android Studio\jre\jre\bin\zip.dll
0x00007ff80aac0000 - 0x00007ff80bf00000 	C:\WINDOWS\System32\SHELL32.dll
0x00007ff80cf80000 - 0x00007ff80d029000 	C:\WINDOWS\System32\shcore.dll
0x00007ff809f10000 - 0x00007ff80a61d000 	C:\WINDOWS\System32\windows.storage.dll
0x00007ff80c600000 - 0x00007ff80c651000 	C:\WINDOWS\System32\shlwapi.dll
0x00007ff8095c0000 - 0x00007ff8095d1000 	C:\WINDOWS\System32\kernel.appcore.dll
0x00007ff809550000 - 0x00007ff80956f000 	C:\WINDOWS\System32\profapi.dll
0x00007ff809570000 - 0x00007ff8095bc000 	C:\WINDOWS\System32\powrprof.dll
0x00007ff809540000 - 0x00007ff80954a000 	C:\WINDOWS\System32\FLTLIB.DLL
0x00007ffffcb30000 - 0x00007ffffcb4a000 	C:\Program Files\Android\Android Studio\jre\jre\bin\net.dll
0x00007ff808da0000 - 0x00007ff808e06000 	C:\WINDOWS\system32\mswsock.dll
0x00007ffffa370000 - 0x00007ffffa381000 	C:\Program Files\Android\Android Studio\jre\jre\bin\nio.dll
0x00007ff804f80000 - 0x00007ff804f9e000 	C:\Users\henri\.gradle\native\25\windows-amd64\native-platform.dll
0x00007ff806140000 - 0x00007ff80614d000 	C:\Program Files\Android\Android Studio\jre\jre\bin\management.dll
0x00007ff808f50000 - 0x00007ff808f67000 	C:\WINDOWS\SYSTEM32\CRYPTSP.dll
0x00007ff808980000 - 0x00007ff8089b3000 	C:\WINDOWS\system32\rsaenh.dll
0x00007ff809080000 - 0x00007ff8090a5000 	C:\WINDOWS\SYSTEM32\bcrypt.dll
0x00007ff809420000 - 0x00007ff809448000 	C:\WINDOWS\SYSTEM32\USERENV.dll
0x00007ff808f70000 - 0x00007ff808f7b000 	C:\WINDOWS\SYSTEM32\CRYPTBASE.dll
0x00007ff808b20000 - 0x00007ff808b58000 	C:\WINDOWS\SYSTEM32\IPHLPAPI.DLL
0x00007ff80aa50000 - 0x00007ff80aa58000 	C:\WINDOWS\System32\NSI.dll
0x00007ff800310000 - 0x00007ff800326000 	C:\WINDOWS\SYSTEM32\dhcpcsvc6.DLL
0x00007ff8002f0000 - 0x00007ff80030a000 	C:\WINDOWS\SYSTEM32\dhcpcsvc.DLL

VM Arguments:
jvm_args: -Xmx1024m -Dfile.encoding=windows-1252 -Duser.country=BR -Duser.language=pt -Duser.variant 
java_command: org.gradle.launcher.daemon.bootstrap.GradleDaemon 4.4
java_class_path (initial): C:\Users\henri\.gradle\wrapper\dists\gradle-4.4-all\9br9xq1tocpiv8o6njlyu5op1\gradle-4.4\lib\gradle-launcher-4.4.jar
Launcher Type: SUN_STANDARD

Environment Variables:
JAVA_HOME=C:\Program Files\Java\jdk1.8.0_172
PATH=C:\Program Files (x86)\Common Files\Oracle\Java\javapath;C:\Program Files (x86)\Intel\iCLS Client\;C:\Program Files\Intel\iCLS Client\;C:\windows\system32;C:\windows;C:\windows\System32\Wbem;C:\windows\System32\WindowsPowerShell\v1.0\;C:\Program Files (x86)\NVIDIA Corporation\PhysX\Common;C:\Program Files (x86)\Intel\Intel(R) Management Engine Components\DAL;C:\Program Files\Intel\Intel(R) Management Engine Components\DAL;C:\Program Files (x86)\Intel\Intel(R) Management Engine Components\IPT;C:\Program Files\Intel\Intel(R) Management Engine Components\IPT;C:\WINDOWS\system32;C:\WINDOWS;C:\WINDOWS\System32\Wbem;C:\WINDOWS\System32\WindowsPowerShell\v1.0\;C:\WINDOWS\System32\OpenSSH\;C:\WINDOWS\system32\config\systemprofile\.dnx\bin;C:\Program Files\Microsoft DNX\Dnvm\;C:\Program Files\Microsoft SQL Server\120\Tools\Binn\;C:\Program Files\Git\cmd;C:\Program Files (x86)\nodejs\;C:\Program Files\Microsoft VS Code\bin;C:\Program Files (x86)\Yarn\bin\;C:\Users\henri\AppData\Local\Microsoft\WindowsApps;C:\Users\henri\AppData\Roaming\npm;C:\Users\henri\AppData\Local\Android\Sdk\platform-tools;C:\Users\henri\AppData\Local\Yarn\bin;
USERNAME=henri
OS=Windows_NT
PROCESSOR_IDENTIFIER=Intel64 Family 6 Model 142 Stepping 9, GenuineIntel



---------------  S Y S T E M  ---------------

OS: Windows 10.0 , 64 bit Build 17134 (10.0.17134.1)

CPU:total 4 (initial active 4) (2 cores per cpu, 2 threads per core) family 6 model 142 stepping 9, cmov, cx8, fxsr, mmx, sse, sse2, sse3, ssse3, sse4.1, sse4.2, popcnt, avx, avx2, aes, clmul, erms, 3dnowpref, lzcnt, ht, tsc, tscinvbit, bmi1, bmi2, adx

Memory: 4k page, physical 8296228k(1328824k free), swap 12488484k(4784k free)

vm_info: OpenJDK 64-Bit Server VM (25.152-b02) for windows-amd64 JRE (1.8.0_152-release-1024-b02), built by "builder" with MS VC++ 10.0 (VS2010)

time: Mon Aug 27 15:32:56 2018
elapsed time: 11 seconds (0d 0h 0m 11s)

