#
# There is insufficient memory for the Java Runtime Environment to continue.
# Native memory allocation (malloc) failed to allocate 32744 bytes for ChunkPool::allocate
# Possible reasons:
#   The system is out of physical RAM or swap space
#   In 32 bit mode, the process size limit was hit
# Possible solutions:
#   Reduce memory load on the system
#   Increase physical memory or swap space
#   Check if swap backing store is full
#   Use 64 bit Java on a 64 bit OS
#   Decrease Java heap size (-Xmx/-Xms)
#   Decrease number of Java threads
#   Decrease Java thread stack sizes (-Xss)
#   Set larger code cache with -XX:ReservedCodeCacheSize=
# This output file may be truncated or incomplete.
#
#  Out of Memory Error (allocation.cpp:273), pid=1440, tid=0x0000000000001f18
#
# JRE version: OpenJDK Runtime Environment (8.0_152-b02) (build 1.8.0_152-release-1024-b02)
# Java VM: OpenJDK 64-Bit Server VM (25.152-b02 mixed mode windows-amd64 compressed oops)
# Failed to write core dump. Minidumps are not enabled by default on client versions of Windows
#

---------------  T H R E A D  ---------------

Current thread (0x0000000014c7d800):  JavaThread "C2 CompilerThread0" daemon [_thread_in_native, id=7960, stack(0x00000000162f0000,0x00000000163f0000)]

Stack: [0x00000000162f0000,0x00000000163f0000]
[error occurred during error reporting (printing stack bounds), id 0xc0000005]

Native frames: (J=compiled Java code, j=interpreted, Vv=VM code, C=native code)


Current CompileTask:
C2:  13359 3989       4       com.sun.beans.TypeResolver::resolve (37 bytes)


---------------  P R O C E S S  ---------------

Java Threads: ( => current thread )
  0x0000000019f0b800 JavaThread "Memory manager" [_thread_blocked, id=8648, stack(0x000000001f1c0000,0x000000001f2c0000)]
  0x0000000019f0a000 JavaThread "build operations Thread 4" [_thread_blocked, id=4116, stack(0x000000001eac0000,0x000000001ebc0000)]
  0x0000000019f06000 JavaThread "build operations Thread 3" [_thread_blocked, id=5264, stack(0x000000001e9c0000,0x000000001eac0000)]
  0x0000000019f0a800 JavaThread "build operations Thread 2" [_thread_blocked, id=11280, stack(0x000000001e8c0000,0x000000001e9c0000)]
  0x0000000019f08800 JavaThread "build operations" [_thread_blocked, id=2244, stack(0x000000001e320000,0x000000001e420000)]
  0x0000000019f07800 JavaThread "Cache worker for Artifact transforms cache (C:\Users\henri\.gradle\caches\transforms-1)" [_thread_blocked, id=11424, stack(0x000000001d220000,0x000000001d320000)]
  0x000000001a8d8800 JavaThread "Cache worker for file hash cache (C:\Users\henri\Desktop\Projetos Android\AIG\.gradle\4.4\fileHashes)" [_thread_blocked, id=1776, stack(0x000000001b950000,0x000000001ba50000)]
  0x0000000019f49000 JavaThread "File lock request listener" [_thread_in_native, id=1168, stack(0x000000001a720000,0x000000001a820000)]
  0x0000000019f48800 JavaThread "Cache worker for file hash cache (C:\Users\henri\.gradle\caches\4.4\fileHashes)" [_thread_blocked, id=984, stack(0x000000001a620000,0x000000001a720000)]
  0x000000001799b000 JavaThread "Stdin handler" [_thread_blocked, id=4808, stack(0x0000000019350000,0x0000000019450000)]
  0x000000001799a000 JavaThread "Asynchronous log dispatcher for DefaultDaemonConnection: socket connection from /127.0.0.1:14274 to /127.0.0.1:14275" [_thread_blocked, id=1268, stack(0x0000000019250000,0x0000000019350000)]
  0x0000000017984000 JavaThread "Daemon worker" [_thread_in_Java, id=2108, stack(0x0000000019150000,0x0000000019250000)]
  0x0000000017999000 JavaThread "Cancel handler" [_thread_blocked, id=10288, stack(0x0000000019050000,0x0000000019150000)]
  0x000000001796d000 JavaThread "Handler for socket connection from /127.0.0.1:14274 to /127.0.0.1:14275" [_thread_in_native, id=6336, stack(0x0000000018d50000,0x0000000018e50000)]
  0x0000000017bc9800 JavaThread "Daemon" [_thread_blocked, id=7936, stack(0x0000000018c50000,0x0000000018d50000)]
  0x0000000017bd5000 JavaThread "Daemon periodic checks" [_thread_blocked, id=7948, stack(0x0000000018b50000,0x0000000018c50000)]
  0x0000000017ba7800 JavaThread "Incoming local TCP Connector on port 14274" [_thread_in_native, id=8760, stack(0x0000000018900000,0x0000000018a00000)]
  0x00000000164fe800 JavaThread "Service Thread" daemon [_thread_blocked, id=10052, stack(0x00000000169f0000,0x0000000016af0000)]
  0x00000000164f1000 JavaThread "C1 CompilerThread2" daemon [_thread_blocked, id=8200, stack(0x00000000168f0000,0x00000000169f0000)]
  0x0000000014cdc000 JavaThread "C2 CompilerThread1" daemon [_thread_in_native, id=840, stack(0x00000000163f0000,0x00000000164f0000)]
=>0x0000000014c7d800 JavaThread "C2 CompilerThread0" daemon [_thread_in_native, id=7960, stack(0x00000000162f0000,0x00000000163f0000)]
  0x0000000014c7a000 JavaThread "Attach Listener" daemon [_thread_blocked, id=10904, stack(0x00000000161f0000,0x00000000162f0000)]
  0x0000000014c79000 JavaThread "Signal Dispatcher" daemon [_thread_blocked, id=7108, stack(0x00000000160f0000,0x00000000161f0000)]
  0x0000000014c68800 JavaThread "Finalizer" daemon [_thread_blocked, id=3716, stack(0x0000000015ee0000,0x0000000015fe0000)]
  0x00000000025a2000 JavaThread "Reference Handler" daemon [_thread_blocked, id=11628, stack(0x0000000015de0000,0x0000000015ee0000)]
  0x0000000000a5e800 JavaThread "main" [_thread_blocked, id=1848, stack(0x00000000023b0000,0x00000000024b0000)]

Other Threads:
  0x0000000014c45000 VMThread [stack: 0x0000000015ce0000,0x0000000015de0000] [id=9476]
  0x00000000164f3000 WatcherThread [stack: 0x0000000016af0000,0x0000000016bf0000] [id=9580]

VM state:not at safepoint (normal execution)

VM Mutex/Monitor currently owned by a thread: None

Heap:
 PSYoungGen      total 144896K, used 115203K [0x00000000eab00000, 0x00000000f9a80000, 0x0000000100000000)
  eden space 132608K, 86% used [0x00000000eab00000,0x00000000f1b80fe8,0x00000000f2c80000)
  from space 12288K, 0% used [0x00000000f3800000,0x00000000f3800000,0x00000000f4400000)
  to   space 11776K, 0% used [0x00000000f2c80000,0x00000000f2c80000,0x00000000f3800000)
 ParOldGen       total 80384K, used 14040K [0x00000000c0000000, 0x00000000c4e80000, 0x00000000eab00000)
  object space 80384K, 17% used [0x00000000c0000000,0x00000000c0db6140,0x00000000c4e80000)
 Metaspace       used 40514K, capacity 41474K, committed 41728K, reserved 1085440K
  class space    used 5529K, capacity 5838K, committed 5888K, reserved 1048576K

Card table byte_map: [0x0000000011970000,0x0000000011b80000] byte_map_base: 0x0000000011370000

Marking Bits: (ParMarkBitMap*) 0x0000000075294970
 Begin Bits: [0x00000000120e0000, 0x00000000130e0000)
 End Bits:   [0x00000000130e0000, 0x00000000140e0000)

Polling page: 0x0000000000a30000

CodeCache: size=245760Kb used=13041Kb max_used=13093Kb free=232718Kb
 bounds [0x00000000025b0000, 0x0000000003290000, 0x00000000115b0000]
 total_blobs=4390 nmethods=3678 adapters=624
 compilation: enabled

Compilation events (10 events):
Event: 13.263 Thread 0x00000000164f1000 4017       3       org.codehaus.groovy.reflection.ClassInfo$LazyCachedClassRef::initValue (21 bytes)
Event: 13.263 Thread 0x00000000164f1000 nmethod 4017 0x0000000002afe3d0 code [0x0000000002afe540, 0x0000000002afe8c8]
Event: 13.263 Thread 0x00000000164f1000 4019       3       org.codehaus.groovy.reflection.CachedClass$4::initValue (5 bytes)
Event: 13.263 Thread 0x00000000164f1000 nmethod 4019 0x00000000027ba110 code [0x00000000027ba280, 0x00000000027ba428]
Event: 13.263 Thread 0x00000000164f1000 4018       3       org.codehaus.groovy.reflection.ClassInfo::access$300 (6 bytes)
Event: 13.263 Thread 0x00000000164f1000 nmethod 4018 0x000000000276ad50 code [0x000000000276aec0, 0x000000000276b028]
Event: 13.272 Thread 0x00000000164f1000 4022       3       java.beans.PropertyDescriptor::<init> (112 bytes)
Event: 13.272 Thread 0x00000000164f1000 nmethod 4022 0x0000000002b09650 code [0x0000000002b09820, 0x0000000002b09fa8]
Event: 13.272 Thread 0x00000000164f1000 4023   !   3       java.beans.PropertyDescriptor::updateGenericsFor (37 bytes)
Event: 13.273 Thread 0x00000000164f1000 nmethod 4023 0x000000000326fed0 code [0x0000000003270140, 0x00000000032712b8]

GC Heap History (10 events):
Event: 5.750 GC heap before
{Heap before GC invocations=6 (full 1):
 PSYoungGen      total 67072K, used 5098K [0x00000000eab00000, 0x00000000f3700000, 0x0000000100000000)
  eden space 61952K, 0% used [0x00000000eab00000,0x00000000eab00000,0x00000000ee780000)
  from space 5120K, 99% used [0x00000000ee780000,0x00000000eec7aa58,0x00000000eec80000)
  to   space 9728K, 0% used [0x00000000f2d80000,0x00000000f2d80000,0x00000000f3700000)
 ParOldGen       total 87552K, used 8156K [0x00000000c0000000, 0x00000000c5580000, 0x00000000eab00000)
  object space 87552K, 9% used [0x00000000c0000000,0x00000000c07f71d8,0x00000000c5580000)
 Metaspace       used 20807K, capacity 21204K, committed 21248K, reserved 1067008K
  class space    used 2899K, capacity 3042K, committed 3072K, reserved 1048576K
Event: 5.818 GC heap after
Heap after GC invocations=6 (full 1):
 PSYoungGen      total 67072K, used 0K [0x00000000eab00000, 0x00000000f3700000, 0x0000000100000000)
  eden space 61952K, 0% used [0x00000000eab00000,0x00000000eab00000,0x00000000ee780000)
  from space 5120K, 0% used [0x00000000ee780000,0x00000000ee780000,0x00000000eec80000)
  to   space 9728K, 0% used [0x00000000f2d80000,0x00000000f2d80000,0x00000000f3700000)
 ParOldGen       total 62464K, used 7883K [0x00000000c0000000, 0x00000000c3d00000, 0x00000000eab00000)
  object space 62464K, 12% used [0x00000000c0000000,0x00000000c07b2d48,0x00000000c3d00000)
 Metaspace       used 20807K, capacity 21204K, committed 21248K, reserved 1067008K
  class space    used 2899K, capacity 3042K, committed 3072K, reserved 1048576K
}
Event: 7.670 GC heap before
{Heap before GC invocations=7 (full 1):
 PSYoungGen      total 67072K, used 61952K [0x00000000eab00000, 0x00000000f3700000, 0x0000000100000000)
  eden space 61952K, 100% used [0x00000000eab00000,0x00000000ee780000,0x00000000ee780000)
  from space 5120K, 0% used [0x00000000ee780000,0x00000000ee780000,0x00000000eec80000)
  to   space 9728K, 0% used [0x00000000f2d80000,0x00000000f2d80000,0x00000000f3700000)
 ParOldGen       total 62464K, used 7883K [0x00000000c0000000, 0x00000000c3d00000, 0x00000000eab00000)
  object space 62464K, 12% used [0x00000000c0000000,0x00000000c07b2d48,0x00000000c3d00000)
 Metaspace       used 26351K, capacity 26894K, committed 27136K, reserved 1073152K
  class space    used 3613K, capacity 3799K, committed 3840K, reserved 1048576K
Event: 7.682 GC heap after
Heap after GC invocations=7 (full 1):
 PSYoungGen      total 98816K, used 6943K [0x00000000eab00000, 0x00000000f3480000, 0x0000000100000000)
  eden space 91648K, 0% used [0x00000000eab00000,0x00000000eab00000,0x00000000f0480000)
  from space 7168K, 96% used [0x00000000f2d80000,0x00000000f3447e50,0x00000000f3480000)
  to   space 9728K, 0% used [0x00000000f2180000,0x00000000f2180000,0x00000000f2b00000)
 ParOldGen       total 62464K, used 7891K [0x00000000c0000000, 0x00000000c3d00000, 0x00000000eab00000)
  object space 62464K, 12% used [0x00000000c0000000,0x00000000c07b4d48,0x00000000c3d00000)
 Metaspace       used 26351K, capacity 26894K, committed 27136K, reserved 1073152K
  class space    used 3613K, capacity 3799K, committed 3840K, reserved 1048576K
}
Event: 10.240 GC heap before
{Heap before GC invocations=8 (full 1):
 PSYoungGen      total 98816K, used 98591K [0x00000000eab00000, 0x00000000f3480000, 0x0000000100000000)
  eden space 91648K, 100% used [0x00000000eab00000,0x00000000f0480000,0x00000000f0480000)
  from space 7168K, 96% used [0x00000000f2d80000,0x00000000f3447e50,0x00000000f3480000)
  to   space 9728K, 0% used [0x00000000f2180000,0x00000000f2180000,0x00000000f2b00000)
 ParOldGen       total 62464K, used 7891K [0x00000000c0000000, 0x00000000c3d00000, 0x00000000eab00000)
  object space 62464K, 12% used [0x00000000c0000000,0x00000000c07b4d48,0x00000000c3d00000)
 Metaspace       used 34063K, capacity 34842K, committed 34944K, reserved 1079296K
  class space    used 4721K, capacity 4961K, committed 4992K, reserved 1048576K
Event: 10.253 GC heap after
Heap after GC invocations=8 (full 1):
 PSYoungGen      total 131072K, used 9710K [0x00000000eab00000, 0x00000000f4400000, 0x0000000100000000)
  eden space 121344K, 0% used [0x00000000eab00000,0x00000000eab00000,0x00000000f2180000)
  from space 9728K, 99% used [0x00000000f2180000,0x00000000f2afbb90,0x00000000f2b00000)
  to   space 12288K, 0% used [0x00000000f3800000,0x00000000f3800000,0x00000000f4400000)
 ParOldGen       total 62464K, used 11084K [0x00000000c0000000, 0x00000000c3d00000, 0x00000000eab00000)
  object space 62464K, 17% used [0x00000000c0000000,0x00000000c0ad3118,0x00000000c3d00000)
 Metaspace       used 34063K, capacity 34842K, committed 34944K, reserved 1079296K
  class space    used 4721K, capacity 4961K, committed 4992K, reserved 1048576K
}
Event: 10.292 GC heap before
{Heap before GC invocations=9 (full 1):
 PSYoungGen      total 131072K, used 11840K [0x00000000eab00000, 0x00000000f4400000, 0x0000000100000000)
  eden space 121344K, 1% used [0x00000000eab00000,0x00000000ead147d0,0x00000000f2180000)
  from space 9728K, 99% used [0x00000000f2180000,0x00000000f2afbb90,0x00000000f2b00000)
  to   space 12288K, 0% used [0x00000000f3800000,0x00000000f3800000,0x00000000f4400000)
 ParOldGen       total 62464K, used 11084K [0x00000000c0000000, 0x00000000c3d00000, 0x00000000eab00000)
  object space 62464K, 17% used [0x00000000c0000000,0x00000000c0ad3118,0x00000000c3d00000)
 Metaspace       used 34567K, capacity 35272K, committed 35416K, reserved 1079296K
  class space    used 4766K, capacity 5000K, committed 5120K, reserved 1048576K
Event: 10.302 GC heap after
Heap after GC invocations=9 (full 1):
 PSYoungGen      total 144896K, used 7482K [0x00000000eab00000, 0x00000000f9a80000, 0x0000000100000000)
  eden space 132608K, 0% used [0x00000000eab00000,0x00000000eab00000,0x00000000f2c80000)
  from space 12288K, 60% used [0x00000000f3800000,0x00000000f3f4eb10,0x00000000f4400000)
  to   space 11776K, 0% used [0x00000000f2c80000,0x00000000f2c80000,0x00000000f3800000)
 ParOldGen       total 62464K, used 11092K [0x00000000c0000000, 0x00000000c3d00000, 0x00000000eab00000)
  object space 62464K, 17% used [0x00000000c0000000,0x00000000c0ad5118,0x00000000c3d00000)
 Metaspace       used 34567K, capacity 35272K, committed 35416K, reserved 1079296K
  class space    used 4766K, capacity 5000K, committed 5120K, reserved 1048576K
}
Event: 10.302 GC heap before
{Heap before GC invocations=10 (full 2):
 PSYoungGen      total 144896K, used 7482K [0x00000000eab00000, 0x00000000f9a80000, 0x0000000100000000)
  eden space 132608K, 0% used [0x00000000eab00000,0x00000000eab00000,0x00000000f2c80000)
  from space 12288K, 60% used [0x00000000f3800000,0x00000000f3f4eb10,0x00000000f4400000)
  to   space 11776K, 0% used [0x00000000f2c80000,0x00000000f2c80000,0x00000000f3800000)
 ParOldGen       total 62464K, used 11092K [0x00000000c0000000, 0x00000000c3d00000, 0x00000000eab00000)
  object space 62464K, 17% used [0x00000000c0000000,0x00000000c0ad5118,0x00000000c3d00000)
 Metaspace       used 34567K, capacity 35272K, committed 35416K, reserved 1079296K
  class space    used 4766K, capacity 5000K, committed 5120K, reserved 1048576K
Event: 10.396 GC heap after
Heap after GC invocations=10 (full 2):
 PSYoungGen      total 144896K, used 0K [0x00000000eab00000, 0x00000000f9a80000, 0x0000000100000000)
  eden space 132608K, 0% used [0x00000000eab00000,0x00000000eab00000,0x00000000f2c80000)
  from space 12288K, 0% used [0x00000000f3800000,0x00000000f3800000,0x00000000f4400000)
  to   space 11776K, 0% used [0x00000000f2c80000,0x00000000f2c80000,0x00000000f3800000)
 ParOldGen       total 80384K, used 14040K [0x00000000c0000000, 0x00000000c4e80000, 0x00000000eab00000)
  object space 80384K, 17% used [0x00000000c0000000,0x00000000c0db6140,0x00000000c4e80000)
 Metaspace       used 34567K, capacity 35272K, committed 35416K, reserved 1079296K
  class space    used 4766K, capacity 5000K, committed 5120K, reserved 1048576K
}

Deoptimization events (10 events):
Event: 11.325 Thread 0x0000000017984000 Uncommon trap: reason=unstable_if action=reinterpret pc=0x0000000002e2194c method=java.util.jar.Attributes$Name.isDigit(C)Z @ 3
Event: 11.338 Thread 0x0000000017984000 Uncommon trap: reason=unstable_if action=reinterpret pc=0x00000000031474a0 method=java.lang.ThreadLocal.get()Ljava/lang/Object; @ 11
Event: 11.423 Thread 0x0000000017984000 Uncommon trap: reason=unstable_if action=reinterpret pc=0x0000000002a17a3c method=java.lang.CharacterDataLatin1.isWhitespace(I)Z @ 14
Event: 11.701 Thread 0x0000000017984000 Uncommon trap: reason=unstable_if action=reinterpret pc=0x0000000002821a88 method=java.util.jar.JarFile$JarFileEntry.getCodeSigners()[Ljava/security/CodeSigner; @ 24
Event: 11.706 Thread 0x0000000017984000 Uncommon trap: reason=unstable_if action=reinterpret pc=0x0000000002dd0fec method=java.security.CodeSource.getCertificates()[Ljava/security/cert/Certificate; @ 22
Event: 11.707 Thread 0x0000000017984000 Uncommon trap: reason=unstable_if action=reinterpret pc=0x0000000002bbc1ac method=java.security.CodeSource.matchCerts(Ljava/security/CodeSource;Z)Z @ 11
Event: 11.741 Thread 0x0000000017984000 Uncommon trap: reason=unstable_if action=reinterpret pc=0x0000000002ad3cbc method=java.util.LinkedHashMap.get(Ljava/lang/Object;)Ljava/lang/Object; @ 20
Event: 12.145 Thread 0x0000000017984000 Uncommon trap: reason=unstable_if action=reinterpret pc=0x00000000031d07ec method=org.gradle.internal.reflect.PropertyAccessorType.of(Ljava/lang/reflect/Method;)Lorg/gradle/internal/reflect/PropertyAccessorType; @ 56
Event: 13.255 Thread 0x0000000017984000 Uncommon trap: reason=unstable_if action=reinterpret pc=0x0000000003280fe0 method=groovy.lang.MetaClassImpl.checkIfStdMethod(Lgroovy/lang/MetaMethod;)V @ 55
Event: 13.255 Thread 0x0000000017984000 Uncommon trap: reason=unstable_if action=reinterpret pc=0x0000000003273bd8 method=groovy.lang.MetaClassImpl.checkIfStdMethod(Lgroovy/lang/MetaMethod;)V @ 55

Classes redefined (0 events):
No events

Internal exceptions (10 events):
Event: 13.256 Thread 0x0000000017984000 Exception <a 'java/lang/ClassNotFoundException': com/google/gms/googleservices/GoogleServicesPlugin$GoogleServicesPluginConfigBeanInfo> (0x00000000f113b9d0) thrown at [D:\src\AOSP-openjdk-cygwin\jdk8u\hotspot\src\share\vm\classfile\systemDictionary.cpp, l
Event: 13.256 Thread 0x0000000017984000 Exception <a 'java/lang/ClassNotFoundException': com/google/gms/googleservices/GoogleServicesPlugin$GoogleServicesPluginConfigCustomizer> (0x00000000f1157540) thrown at [D:\src\AOSP-openjdk-cygwin\jdk8u\hotspot\src\share\vm\classfile\systemDictionary.cpp,
Event: 13.258 Thread 0x0000000017984000 Exception <a 'java/lang/ClassNotFoundException': com/google/gms/googleservices/GoogleServicesPluginBeanInfo> (0x00000000f1195108) thrown at [D:\src\AOSP-openjdk-cygwin\jdk8u\hotspot\src\share\vm\classfile\systemDictionary.cpp, line 210]
Event: 13.259 Thread 0x0000000017984000 Exception <a 'java/lang/ClassNotFoundException': com/google/gms/googleservices/GoogleServicesPluginCustomizer> (0x00000000f11aab68) thrown at [D:\src\AOSP-openjdk-cygwin\jdk8u\hotspot\src\share\vm\classfile\systemDictionary.cpp, line 210]
Event: 13.262 Thread 0x0000000017984000 Exception <a 'java/lang/ClassNotFoundException': groovy/lang/ReferenceBeanInfo> (0x00000000f11ed990) thrown at [D:\src\AOSP-openjdk-cygwin\jdk8u\hotspot\src\share\vm\classfile\systemDictionary.cpp, line 210]
Event: 13.262 Thread 0x0000000017984000 Exception <a 'java/lang/ClassNotFoundException': groovy/lang/ReferenceCustomizer> (0x00000000f120e380) thrown at [D:\src\AOSP-openjdk-cygwin\jdk8u\hotspot\src\share\vm\classfile\systemDictionary.cpp, line 210]
Event: 13.265 Thread 0x0000000017984000 Exception <a 'java/lang/ClassNotFoundException': org/gradle/api/internal/plugins/DefaultConventionBeanInfo> (0x00000000f1266678) thrown at [D:\src\AOSP-openjdk-cygwin\jdk8u\hotspot\src\share\vm\classfile\systemDictionary.cpp, line 210]
Event: 13.266 Thread 0x0000000017984000 Exception <a 'java/lang/ClassNotFoundException': org/gradle/api/internal/plugins/DefaultConventionCustomizer> (0x00000000f1296b90) thrown at [D:\src\AOSP-openjdk-cygwin\jdk8u\hotspot\src\share\vm\classfile\systemDictionary.cpp, line 210]
Event: 13.271 Thread 0x0000000017984000 Exception <a 'java/lang/ClassNotFoundException': com/google/gms/googleservices/GoogleServicesPlugin$GoogleServicesPluginConfig_DecoratedBeanInfo> (0x00000000f1328860) thrown at [D:\src\AOSP-openjdk-cygwin\jdk8u\hotspot\src\share\vm\classfile\systemDiction
Event: 13.272 Thread 0x0000000017984000 Exception <a 'java/lang/ClassNotFoundException': com/google/gms/googleservices/GoogleServicesPlugin$GoogleServicesPluginConfig_DecoratedCustomizer> (0x00000000f1347198) thrown at [D:\src\AOSP-openjdk-cygwin\jdk8u\hotspot\src\share\vm\classfile\systemDicti

Events (10 events):
Event: 13.271 loading class com/google/gms/googleservices/GoogleServicesPlugin$GoogleServicesPluginConfig_DecoratedBeanInfo
Event: 13.271 loading class com/google/gms/googleservices/GoogleServicesPlugin$GoogleServicesPluginConfig_DecoratedBeanInfo done
Event: 13.272 loading class com/google/gms/googleservices/GoogleServicesPlugin$GoogleServicesPluginConfig_DecoratedCustomizer
Event: 13.272 loading class com/google/gms/googleservices/GoogleServicesPlugin$GoogleServicesPluginConfig_DecoratedCustomizer done
Event: 13.272 loading class com/google/gms/googleservices/GoogleServicesPlugin$GoogleServicesPluginConfig_DecoratedCustomizer
Event: 13.272 loading class com/google/gms/googleservices/GoogleServicesPlugin$GoogleServicesPluginConfig_DecoratedCustomizer done
Event: 13.272 loading class org/codehaus/groovy/runtime/callsite/CallSiteArray$1
Event: 13.272 loading class org/codehaus/groovy/runtime/callsite/CallSiteArray$1 done
Event: 13.273 loading class org/codehaus/groovy/runtime/callsite/StaticMetaMethodSite
Event: 13.273 loading class org/codehaus/groovy/runtime/callsite/StaticMetaMethodSite done


Dynamic libraries:
0x00007ff662160000 - 0x00007ff662191000 	C:\Program Files\Android\Android Studio\jre\bin\java.exe
0x00007ff80d210000 - 0x00007ff80d3f1000 	C:\WINDOWS\SYSTEM32\ntdll.dll
0x00007ff80d030000 - 0x00007ff80d0e2000 	C:\WINDOWS\System32\KERNEL32.DLL
0x00007ff809a20000 - 0x00007ff809c93000 	C:\WINDOWS\System32\KERNELBASE.dll
0x00007ff80a900000 - 0x00007ff80a9a1000 	C:\WINDOWS\System32\ADVAPI32.dll
0x00007ff80bf00000 - 0x00007ff80bf9e000 	C:\WINDOWS\System32\msvcrt.dll
0x00007ff80c110000 - 0x00007ff80c16b000 	C:\WINDOWS\System32\sechost.dll
0x00007ff80c4d0000 - 0x00007ff80c5f4000 	C:\WINDOWS\System32\RPCRT4.dll
0x00007ff80c1d0000 - 0x00007ff80c360000 	C:\WINDOWS\System32\USER32.dll
0x00007ff809d40000 - 0x00007ff809d60000 	C:\WINDOWS\System32\win32u.dll
0x00007ff80c170000 - 0x00007ff80c198000 	C:\WINDOWS\System32\GDI32.dll
0x00007ff8097d0000 - 0x00007ff809962000 	C:\WINDOWS\System32\gdi32full.dll
0x00007ff809ca0000 - 0x00007ff809d3f000 	C:\WINDOWS\System32\msvcp_win.dll
0x00007ff809db0000 - 0x00007ff809eaa000 	C:\WINDOWS\System32\ucrtbase.dll
0x00007ffffe980000 - 0x00007ffffebe9000 	C:\WINDOWS\WinSxS\amd64_microsoft.windows.common-controls_6595b64144ccf1df_6.0.17134.228_none_fb4599993062b194\COMCTL32.dll
0x00007ff80c800000 - 0x00007ff80cb23000 	C:\WINDOWS\System32\combase.dll
0x00007ff80a620000 - 0x00007ff80a69a000 	C:\WINDOWS\System32\bcryptPrimitives.dll
0x00007ff80c1a0000 - 0x00007ff80c1cd000 	C:\WINDOWS\System32\IMM32.DLL
0x00000000749f0000 - 0x0000000074ac2000 	C:\Program Files\Android\Android Studio\jre\jre\bin\msvcr100.dll
0x0000000074ad0000 - 0x000000007530f000 	C:\Program Files\Android\Android Studio\jre\jre\bin\server\jvm.dll
0x00007ff80c360000 - 0x00007ff80c368000 	C:\WINDOWS\System32\PSAPI.DLL
0x00007ff800000000 - 0x00007ff800009000 	C:\WINDOWS\SYSTEM32\WSOCK32.dll
0x00007ff80bfa0000 - 0x00007ff80c00c000 	C:\WINDOWS\System32\WS2_32.dll
0x00007ff8055d0000 - 0x00007ff8055f3000 	C:\WINDOWS\SYSTEM32\WINMM.dll
0x00007ff8032f0000 - 0x00007ff8032fa000 	C:\WINDOWS\SYSTEM32\VERSION.dll
0x00007ff8055a0000 - 0x00007ff8055ca000 	C:\WINDOWS\SYSTEM32\WINMMBASE.dll
0x00007ff809d60000 - 0x00007ff809da9000 	C:\WINDOWS\System32\cfgmgr32.dll
0x00007ff806150000 - 0x00007ff80615f000 	C:\Program Files\Android\Android Studio\jre\jre\bin\verify.dll
0x00007ffffd720000 - 0x00007ffffd749000 	C:\Program Files\Android\Android Studio\jre\jre\bin\java.dll
0x00007ff804a50000 - 0x00007ff804a66000 	C:\Program Files\Android\Android Studio\jre\jre\bin\zip.dll
0x00007ff80aac0000 - 0x00007ff80bf00000 	C:\WINDOWS\System32\SHELL32.dll
0x00007ff80cf80000 - 0x00007ff80d029000 	C:\WINDOWS\System32\shcore.dll
0x00007ff809f10000 - 0x00007ff80a61d000 	C:\WINDOWS\System32\windows.storage.dll
0x00007ff80c600000 - 0x00007ff80c651000 	C:\WINDOWS\System32\shlwapi.dll
0x00007ff8095c0000 - 0x00007ff8095d1000 	C:\WINDOWS\System32\kernel.appcore.dll
0x00007ff809550000 - 0x00007ff80956f000 	C:\WINDOWS\System32\profapi.dll
0x00007ff809570000 - 0x00007ff8095bc000 	C:\WINDOWS\System32\powrprof.dll
0x00007ff809540000 - 0x00007ff80954a000 	C:\WINDOWS\System32\FLTLIB.DLL
0x00007ffffcb30000 - 0x00007ffffcb4a000 	C:\Program Files\Android\Android Studio\jre\jre\bin\net.dll
0x00007ff808da0000 - 0x00007ff808e06000 	C:\WINDOWS\system32\mswsock.dll
0x00007ffffa370000 - 0x00007ffffa381000 	C:\Program Files\Android\Android Studio\jre\jre\bin\nio.dll
0x00007ff804f80000 - 0x00007ff804f9e000 	C:\Users\henri\.gradle\native\25\windows-amd64\native-platform.dll
0x00007ff806140000 - 0x00007ff80614d000 	C:\Program Files\Android\Android Studio\jre\jre\bin\management.dll
0x00007ff808f50000 - 0x00007ff808f67000 	C:\WINDOWS\SYSTEM32\CRYPTSP.dll
0x00007ff808980000 - 0x00007ff8089b3000 	C:\WINDOWS\system32\rsaenh.dll
0x00007ff809080000 - 0x00007ff8090a5000 	C:\WINDOWS\SYSTEM32\bcrypt.dll
0x00007ff809420000 - 0x00007ff809448000 	C:\WINDOWS\SYSTEM32\USERENV.dll
0x00007ff808f70000 - 0x00007ff808f7b000 	C:\WINDOWS\SYSTEM32\CRYPTBASE.dll
0x00007ff808b20000 - 0x00007ff808b58000 	C:\WINDOWS\SYSTEM32\IPHLPAPI.DLL
0x00007ff80aa50000 - 0x00007ff80aa58000 	C:\WINDOWS\System32\NSI.dll
0x00007ff800310000 - 0x00007ff800326000 	C:\WINDOWS\SYSTEM32\dhcpcsvc6.DLL
0x00007ff8002f0000 - 0x00007ff80030a000 	C:\WINDOWS\SYSTEM32\dhcpcsvc.DLL

VM Arguments:
jvm_args: -Xmx1024m -Dfile.encoding=windows-1252 -Duser.country=BR -Duser.language=pt -Duser.variant 
java_command: org.gradle.launcher.daemon.bootstrap.GradleDaemon 4.4
java_class_path (initial): C:\Users\henri\.gradle\wrapper\dists\gradle-4.4-all\9br9xq1tocpiv8o6njlyu5op1\gradle-4.4\lib\gradle-launcher-4.4.jar
Launcher Type: SUN_STANDARD

Environment Variables:
JAVA_HOME=C:\Program Files\Java\jdk1.8.0_172
PATH=C:\Program Files (x86)\Common Files\Oracle\Java\javapath;C:\Program Files (x86)\Intel\iCLS Client\;C:\Program Files\Intel\iCLS Client\;C:\windows\system32;C:\windows;C:\windows\System32\Wbem;C:\windows\System32\WindowsPowerShell\v1.0\;C:\Program Files (x86)\NVIDIA Corporation\PhysX\Common;C:\Program Files (x86)\Intel\Intel(R) Management Engine Components\DAL;C:\Program Files\Intel\Intel(R) Management Engine Components\DAL;C:\Program Files (x86)\Intel\Intel(R) Management Engine Components\IPT;C:\Program Files\Intel\Intel(R) Management Engine Components\IPT;C:\WINDOWS\system32;C:\WINDOWS;C:\WINDOWS\System32\Wbem;C:\WINDOWS\System32\WindowsPowerShell\v1.0\;C:\WINDOWS\System32\OpenSSH\;C:\WINDOWS\system32\config\systemprofile\.dnx\bin;C:\Program Files\Microsoft DNX\Dnvm\;C:\Program Files\Microsoft SQL Server\120\Tools\Binn\;C:\Program Files\Git\cmd;C:\Program Files (x86)\nodejs\;C:\Program Files\Microsoft VS Code\bin;C:\Program Files (x86)\Yarn\bin\;C:\Users\henri\AppData\Local\Microsoft\WindowsApps;C:\Users\henri\AppData\Roaming\npm;C:\Users\henri\AppData\Local\Android\Sdk\platform-tools;C:\Users\henri\AppData\Local\Yarn\bin;
USERNAME=henri
OS=Windows_NT
PROCESSOR_IDENTIFIER=Intel64 Family 6 Model 142 Stepping 9, GenuineIntel



---------------  S Y S T E M  ---------------

OS: Windows 10.0 , 64 bit Build 17134 (10.0.17134.1)

CPU:total 4 (initial active 4) (2 cores per cpu, 2 threads per core) family 6 model 142 stepping 9, cmov, cx8, fxsr, mmx, sse, sse2, sse3, ssse3, sse4.1, sse4.2, popcnt, avx, avx2, aes, clmul, erms, 3dnowpref, lzcnt, ht, tsc, tscinvbit, bmi1, bmi2, adx

Memory: 4k page, physical 8296228k(933400k free), swap 12488484k(4904k free)

vm_info: OpenJDK 64-Bit Server VM (25.152-b02) for windows-amd64 JRE (1.8.0_152-release-1024-b02), built by "builder" with MS VC++ 10.0 (VS2010)

time: Mon Aug 27 15:35:33 2018
elapsed time: 13 seconds (0d 0h 0m 13s)

