#
# There is insufficient memory for the Java Runtime Environment to continue.
# Native memory allocation (malloc) failed to allocate 536976 bytes for Chunk::new
# Possible reasons:
#   The system is out of physical RAM or swap space
#   In 32 bit mode, the process size limit was hit
# Possible solutions:
#   Reduce memory load on the system
#   Increase physical memory or swap space
#   Check if swap backing store is full
#   Use 64 bit Java on a 64 bit OS
#   Decrease Java heap size (-Xmx/-Xms)
#   Decrease number of Java threads
#   Decrease Java thread stack sizes (-Xss)
#   Set larger code cache with -XX:ReservedCodeCacheSize=
# This output file may be truncated or incomplete.
#
#  Out of Memory Error (allocation.cpp:390), pid=11500, tid=0x0000000000002f48
#
# JRE version: OpenJDK Runtime Environment (8.0_152-b02) (build 1.8.0_152-release-1024-b02)
# Java VM: OpenJDK 64-Bit Server VM (25.152-b02 mixed mode windows-amd64 compressed oops)
# Failed to write core dump. Minidumps are not enabled by default on client versions of Windows
#

---------------  T H R E A D  ---------------

Current thread (0x0000000016e4c000):  JavaThread "C2 CompilerThread0" daemon [_thread_in_native, id=12104, stack(0x00000000184c0000,0x00000000185c0000)]

Stack: [0x00000000184c0000,0x00000000185c0000]
[error occurred during error reporting (printing stack bounds), id 0xc0000005]

Native frames: (J=compiled Java code, j=interpreted, Vv=VM code, C=native code)


Current CompileTask:
C2:  58917 3428   !   4       java.lang.reflect.Executable::sharedToString (102 bytes)


---------------  P R O C E S S  ---------------

Java Threads: ( => current thread )
  0x000000001bc0c000 JavaThread "Memory manager" [_thread_blocked, id=9000, stack(0x00000000215b0000,0x00000000216b0000)]
  0x000000001bc0b800 JavaThread "build operations Thread 4" [_thread_blocked, id=9932, stack(0x0000000020cb0000,0x0000000020db0000)]
  0x000000001bc08800 JavaThread "build operations Thread 3" [_thread_blocked, id=5716, stack(0x0000000020bb0000,0x0000000020cb0000)]
  0x000000001bc06000 JavaThread "build operations Thread 2" [_thread_blocked, id=9136, stack(0x0000000020ab0000,0x0000000020bb0000)]
  0x000000001910e800 JavaThread "build operations" [_thread_blocked, id=9848, stack(0x00000000208b0000,0x00000000209b0000)]
  0x000000001910d000 JavaThread "Cache worker for Artifact transforms cache (C:\Users\henri\.gradle\caches\transforms-1)" [_thread_blocked, id=10868, stack(0x00000000207b0000,0x00000000208b0000)]
  0x000000001baf0000 JavaThread "Cache worker for file hash cache (C:\Users\henri\Desktop\AIG\.gradle\4.4\fileHashes)" [_thread_blocked, id=6480, stack(0x000000001c9f0000,0x000000001caf0000)]
  0x0000000019ed3000 JavaThread "File lock request listener" [_thread_in_native, id=7620, stack(0x000000001b920000,0x000000001ba20000)]
  0x000000001a01a000 JavaThread "Cache worker for file hash cache (C:\Users\henri\.gradle\caches\4.4\fileHashes)" [_thread_blocked, id=12020, stack(0x000000001b820000,0x000000001b920000)]
  0x0000000019ed7000 JavaThread "Stdin handler" [_thread_blocked, id=9120, stack(0x000000001b520000,0x000000001b620000)]
  0x0000000019ec9800 JavaThread "Asynchronous log dispatcher for DefaultDaemonConnection: socket connection from /127.0.0.1:60433 to /127.0.0.1:60434" [_thread_blocked, id=3468, stack(0x000000001b420000,0x000000001b520000)]
  0x0000000019ef3800 JavaThread "Daemon worker" [_thread_in_native, id=13864, stack(0x000000001b320000,0x000000001b420000)]
  0x0000000018adc800 JavaThread "Cancel handler" [_thread_blocked, id=4556, stack(0x000000001b220000,0x000000001b320000)]
  0x0000000019e03000 JavaThread "Handler for socket connection from /127.0.0.1:60433 to /127.0.0.1:60434" [_thread_in_native, id=5024, stack(0x000000001af20000,0x000000001b020000)]
  0x0000000019e02800 JavaThread "Daemon" [_thread_blocked, id=11000, stack(0x000000001ae20000,0x000000001af20000)]
  0x0000000019c18000 JavaThread "Daemon periodic checks" [_thread_blocked, id=11504, stack(0x000000001ad20000,0x000000001ae20000)]
  0x0000000019d18000 JavaThread "Incoming local TCP Connector on port 60433" [_thread_in_native, id=12060, stack(0x000000001aad0000,0x000000001abd0000)]
  0x00000000187e8800 JavaThread "Service Thread" daemon [_thread_blocked, id=8640, stack(0x0000000018bc0000,0x0000000018cc0000)]
  0x0000000016e5a000 JavaThread "C1 CompilerThread2" daemon [_thread_blocked, id=8328, stack(0x00000000186c0000,0x00000000187c0000)]
  0x0000000016e53000 JavaThread "C2 CompilerThread1" daemon [_thread_in_native, id=8240, stack(0x00000000185c0000,0x00000000186c0000)]
=>0x0000000016e4c000 JavaThread "C2 CompilerThread0" daemon [_thread_in_native, id=12104, stack(0x00000000184c0000,0x00000000185c0000)]
  0x0000000016e4b000 JavaThread "Attach Listener" daemon [_thread_blocked, id=12872, stack(0x00000000183c0000,0x00000000184c0000)]
  0x0000000016e49800 JavaThread "Signal Dispatcher" daemon [_thread_blocked, id=4168, stack(0x00000000182c0000,0x00000000183c0000)]
  0x000000000477c000 JavaThread "Finalizer" daemon [_thread_blocked, id=13372, stack(0x00000000180c0000,0x00000000181c0000)]
  0x0000000004771000 JavaThread "Reference Handler" daemon [_thread_blocked, id=13888, stack(0x0000000017fc0000,0x00000000180c0000)]
  0x0000000002cad800 JavaThread "main" [_thread_blocked, id=12200, stack(0x00000000044f0000,0x00000000045f0000)]

Other Threads:
  0x0000000016e15800 VMThread [stack: 0x0000000017ec0000,0x0000000017fc0000] [id=7604]
  0x0000000016eae800 WatcherThread [stack: 0x0000000018cc0000,0x0000000018dc0000] [id=14048]

VM state:not at safepoint (normal execution)

VM Mutex/Monitor currently owned by a thread: None

Heap:
 PSYoungGen      total 97280K, used 35918K [0x00000000eab00000, 0x00000000f1d00000, 0x0000000100000000)
  eden space 86016K, 41% used [0x00000000eab00000,0x00000000ece13820,0x00000000eff00000)
  from space 11264K, 0% used [0x00000000eff00000,0x00000000eff00000,0x00000000f0a00000)
  to   space 9728K, 0% used [0x00000000f0a00000,0x00000000f0a00000,0x00000000f1380000)
 ParOldGen       total 56832K, used 14303K [0x00000000c0000000, 0x00000000c3780000, 0x00000000eab00000)
  object space 56832K, 25% used [0x00000000c0000000,0x00000000c0df7d20,0x00000000c3780000)
 Metaspace       used 36543K, capacity 37238K, committed 37504K, reserved 1081344K
  class space    used 5007K, capacity 5205K, committed 5248K, reserved 1048576K

Card table byte_map: [0x0000000013b40000,0x0000000013d50000] byte_map_base: 0x0000000013540000

Marking Bits: (ParMarkBitMap*) 0x0000000063154970
 Begin Bits: [0x00000000142b0000, 0x00000000152b0000)
 End Bits:   [0x00000000152b0000, 0x00000000162b0000)

Polling page: 0x0000000002770000

CodeCache: size=245760Kb used=10915Kb max_used=10915Kb free=234844Kb
 bounds [0x0000000004780000, 0x0000000005240000, 0x0000000013780000]
 total_blobs=3873 nmethods=3171 adapters=615
 compilation: enabled

Compilation events (10 events):
Event: 58.842 Thread 0x0000000016e5a000 3505       3       com.google.common.collect.RegularImmutableSortedSet::<init> (26 bytes)
Event: 58.843 Thread 0x0000000016e5a000 nmethod 3505 0x00000000052297d0 code [0x0000000005229980, 0x0000000005229f98]
Event: 58.843 Thread 0x0000000016e5a000 3506       3       org.gradle.model.internal.inspect.FormattingValidationProblemCollector::<init> (26 bytes)
Event: 58.844 Thread 0x0000000016e5a000 nmethod 3506 0x000000000522a2d0 code [0x000000000522a460, 0x000000000522a830]
Event: 58.844 Thread 0x0000000016e5a000 3507       3       java.util.Formatter$FormatSpecifier::checkBadFlags (39 bytes)
Event: 58.844 Thread 0x0000000016e5a000 nmethod 3507 0x000000000522aa10 code [0x000000000522abc0, 0x000000000522b038]
Event: 58.844 Thread 0x0000000016e5a000 3508       3       org.gradle.model.internal.manage.schema.extract.DefaultModelSchemaExtractionContext::<init> (47 bytes)
Event: 58.845 Thread 0x0000000016e5a000 nmethod 3508 0x000000000522b2d0 code [0x000000000522b4a0, 0x000000000522bc50]
Event: 58.845 Thread 0x0000000016e5a000 3509   !   3       java.util.Formatter::format (271 bytes)
Event: 58.848 Thread 0x0000000016e5a000 nmethod 3509 0x000000000522c150 code [0x000000000522c400, 0x000000000522d4e8]

GC Heap History (10 events):
Event: 22.652 GC heap before
{Heap before GC invocations=7 (full 1):
 PSYoungGen      total 38400K, used 33280K [0x00000000eab00000, 0x00000000eff00000, 0x0000000100000000)
  eden space 33280K, 100% used [0x00000000eab00000,0x00000000ecb80000,0x00000000ecb80000)
  from space 5120K, 0% used [0x00000000ecb80000,0x00000000ecb80000,0x00000000ed080000)
  to   space 9728K, 0% used [0x00000000ef580000,0x00000000ef580000,0x00000000eff00000)
 ParOldGen       total 56832K, used 7805K [0x00000000c0000000, 0x00000000c3780000, 0x00000000eab00000)
  object space 56832K, 13% used [0x00000000c0000000,0x00000000c079f7e0,0x00000000c3780000)
 Metaspace       used 24172K, capacity 24712K, committed 24832K, reserved 1071104K
  class space    used 3326K, capacity 3499K, committed 3584K, reserved 1048576K
Event: 22.656 GC heap after
Heap after GC invocations=7 (full 1):
 PSYoungGen      total 57856K, used 4086K [0x00000000eab00000, 0x00000000ef980000, 0x0000000100000000)
  eden space 53760K, 0% used [0x00000000eab00000,0x00000000eab00000,0x00000000edf80000)
  from space 4096K, 99% used [0x00000000ef580000,0x00000000ef97dbf8,0x00000000ef980000)
  to   space 10240K, 0% used [0x00000000ee580000,0x00000000ee580000,0x00000000eef80000)
 ParOldGen       total 56832K, used 7813K [0x00000000c0000000, 0x00000000c3780000, 0x00000000eab00000)
  object space 56832K, 13% used [0x00000000c0000000,0x00000000c07a17e0,0x00000000c3780000)
 Metaspace       used 24172K, capacity 24712K, committed 24832K, reserved 1071104K
  class space    used 3326K, capacity 3499K, committed 3584K, reserved 1048576K
}
Event: 25.897 GC heap before
{Heap before GC invocations=8 (full 1):
 PSYoungGen      total 57856K, used 57846K [0x00000000eab00000, 0x00000000ef980000, 0x0000000100000000)
  eden space 53760K, 100% used [0x00000000eab00000,0x00000000edf80000,0x00000000edf80000)
  from space 4096K, 99% used [0x00000000ef580000,0x00000000ef97dbf8,0x00000000ef980000)
  to   space 10240K, 0% used [0x00000000ee580000,0x00000000ee580000,0x00000000eef80000)
 ParOldGen       total 56832K, used 7813K [0x00000000c0000000, 0x00000000c3780000, 0x00000000eab00000)
  object space 56832K, 13% used [0x00000000c0000000,0x00000000c07a17e0,0x00000000c3780000)
 Metaspace       used 27894K, capacity 28440K, committed 28672K, reserved 1073152K
  class space    used 3903K, capacity 4057K, committed 4096K, reserved 1048576K
Event: 25.933 GC heap after
Heap after GC invocations=8 (full 1):
 PSYoungGen      total 70144K, used 6710K [0x00000000eab00000, 0x00000000f1380000, 0x0000000100000000)
  eden space 59904K, 0% used [0x00000000eab00000,0x00000000eab00000,0x00000000ee580000)
  from space 10240K, 65% used [0x00000000ee580000,0x00000000eec0db68,0x00000000eef80000)
  to   space 9728K, 0% used [0x00000000f0a00000,0x00000000f0a00000,0x00000000f1380000)
 ParOldGen       total 56832K, used 7821K [0x00000000c0000000, 0x00000000c3780000, 0x00000000eab00000)
  object space 56832K, 13% used [0x00000000c0000000,0x00000000c07a37e0,0x00000000c3780000)
 Metaspace       used 27894K, capacity 28440K, committed 28672K, reserved 1073152K
  class space    used 3903K, capacity 4057K, committed 4096K, reserved 1048576K
}
Event: 51.704 GC heap before
{Heap before GC invocations=9 (full 1):
 PSYoungGen      total 70144K, used 66614K [0x00000000eab00000, 0x00000000f1380000, 0x0000000100000000)
  eden space 59904K, 100% used [0x00000000eab00000,0x00000000ee580000,0x00000000ee580000)
  from space 10240K, 65% used [0x00000000ee580000,0x00000000eec0db68,0x00000000eef80000)
  to   space 9728K, 0% used [0x00000000f0a00000,0x00000000f0a00000,0x00000000f1380000)
 ParOldGen       total 56832K, used 7821K [0x00000000c0000000, 0x00000000c3780000, 0x00000000eab00000)
  object space 56832K, 13% used [0x00000000c0000000,0x00000000c07a37e0,0x00000000c3780000)
 Metaspace       used 33593K, capacity 34270K, committed 34432K, reserved 1079296K
  class space    used 4688K, capacity 4897K, committed 4992K, reserved 1048576K
Event: 51.752 GC heap after
Heap after GC invocations=9 (full 1):
 PSYoungGen      total 95744K, used 9701K [0x00000000eab00000, 0x00000000f1d00000, 0x0000000100000000)
  eden space 86016K, 0% used [0x00000000eab00000,0x00000000eab00000,0x00000000eff00000)
  from space 9728K, 99% used [0x00000000f0a00000,0x00000000f1379598,0x00000000f1380000)
  to   space 11264K, 0% used [0x00000000eff00000,0x00000000eff00000,0x00000000f0a00000)
 ParOldGen       total 56832K, used 8840K [0x00000000c0000000, 0x00000000c3780000, 0x00000000eab00000)
  object space 56832K, 15% used [0x00000000c0000000,0x00000000c08a21d8,0x00000000c3780000)
 Metaspace       used 33593K, capacity 34270K, committed 34432K, reserved 1079296K
  class space    used 4688K, capacity 4897K, committed 4992K, reserved 1048576K
}
Event: 54.619 GC heap before
{Heap before GC invocations=10 (full 1):
 PSYoungGen      total 95744K, used 16164K [0x00000000eab00000, 0x00000000f1d00000, 0x0000000100000000)
  eden space 86016K, 7% used [0x00000000eab00000,0x00000000eb14fe60,0x00000000eff00000)
  from space 9728K, 99% used [0x00000000f0a00000,0x00000000f1379598,0x00000000f1380000)
  to   space 11264K, 0% used [0x00000000eff00000,0x00000000eff00000,0x00000000f0a00000)
 ParOldGen       total 56832K, used 8840K [0x00000000c0000000, 0x00000000c3780000, 0x00000000eab00000)
  object space 56832K, 15% used [0x00000000c0000000,0x00000000c08a21d8,0x00000000c3780000)
 Metaspace       used 34667K, capacity 35318K, committed 35416K, reserved 1079296K
  class space    used 4783K, capacity 4971K, committed 4992K, reserved 1048576K
Event: 54.646 GC heap after
Heap after GC invocations=10 (full 1):
 PSYoungGen      total 97280K, used 6197K [0x00000000eab00000, 0x00000000f1d00000, 0x0000000100000000)
  eden space 86016K, 0% used [0x00000000eab00000,0x00000000eab00000,0x00000000eff00000)
  from space 11264K, 55% used [0x00000000eff00000,0x00000000f050d600,0x00000000f0a00000)
  to   space 9728K, 0% used [0x00000000f0a00000,0x00000000f0a00000,0x00000000f1380000)
 ParOldGen       total 56832K, used 10464K [0x00000000c0000000, 0x00000000c3780000, 0x00000000eab00000)
  object space 56832K, 18% used [0x00000000c0000000,0x00000000c0a38268,0x00000000c3780000)
 Metaspace       used 34667K, capacity 35318K, committed 35416K, reserved 1079296K
  class space    used 4783K, capacity 4971K, committed 4992K, reserved 1048576K
}
Event: 54.646 GC heap before
{Heap before GC invocations=11 (full 2):
 PSYoungGen      total 97280K, used 6197K [0x00000000eab00000, 0x00000000f1d00000, 0x0000000100000000)
  eden space 86016K, 0% used [0x00000000eab00000,0x00000000eab00000,0x00000000eff00000)
  from space 11264K, 55% used [0x00000000eff00000,0x00000000f050d600,0x00000000f0a00000)
  to   space 9728K, 0% used [0x00000000f0a00000,0x00000000f0a00000,0x00000000f1380000)
 ParOldGen       total 56832K, used 10464K [0x00000000c0000000, 0x00000000c3780000, 0x00000000eab00000)
  object space 56832K, 18% used [0x00000000c0000000,0x00000000c0a38268,0x00000000c3780000)
 Metaspace       used 34667K, capacity 35318K, committed 35416K, reserved 1079296K
  class space    used 4783K, capacity 4971K, committed 4992K, reserved 1048576K
Event: 54.898 GC heap after
Heap after GC invocations=11 (full 2):
 PSYoungGen      total 97280K, used 0K [0x00000000eab00000, 0x00000000f1d00000, 0x0000000100000000)
  eden space 86016K, 0% used [0x00000000eab00000,0x00000000eab00000,0x00000000eff00000)
  from space 11264K, 0% used [0x00000000eff00000,0x00000000eff00000,0x00000000f0a00000)
  to   space 9728K, 0% used [0x00000000f0a00000,0x00000000f0a00000,0x00000000f1380000)
 ParOldGen       total 56832K, used 14303K [0x00000000c0000000, 0x00000000c3780000, 0x00000000eab00000)
  object space 56832K, 25% used [0x00000000c0000000,0x00000000c0df7d20,0x00000000c3780000)
 Metaspace       used 34667K, capacity 35318K, committed 35416K, reserved 1079296K
  class space    used 4783K, capacity 4971K, committed 4992K, reserved 1048576K
}

Deoptimization events (10 events):
Event: 33.842 Thread 0x0000000019ef3800 Uncommon trap: reason=unstable_if action=reinterpret pc=0x0000000004ed9020 method=java.net.URLClassLoader.isSealed(Ljava/lang/String;Ljava/util/jar/Manifest;)Z @ 26
Event: 37.209 Thread 0x0000000019ef3800 Uncommon trap: reason=class_check action=maybe_recompile pc=0x0000000004f68388 method=java.io.BufferedInputStream.read1([BII)I @ 39
Event: 37.209 Thread 0x0000000019ef3800 Uncommon trap: reason=class_check action=maybe_recompile pc=0x0000000004f68388 method=java.io.BufferedInputStream.read1([BII)I @ 39
Event: 37.209 Thread 0x0000000019ef3800 Uncommon trap: reason=class_check action=maybe_recompile pc=0x0000000004f68388 method=java.io.BufferedInputStream.read1([BII)I @ 39
Event: 37.406 Thread 0x0000000019ef3800 Uncommon trap: reason=unstable_if action=reinterpret pc=0x0000000004f82a10 method=java.util.regex.Pattern.has(I)Z @ 6
Event: 57.647 Thread 0x0000000019ef3800 Uncommon trap: reason=unstable_if action=reinterpret pc=0x0000000004f41f74 method=java.util.concurrent.ConcurrentHashMap.get(Ljava/lang/Object;)Ljava/lang/Object; @ 76
Event: 58.526 Thread 0x0000000019ef3800 Uncommon trap: reason=unstable_if action=reinterpret pc=0x00000000048eb678 method=java.util.HashMap.putVal(ILjava/lang/Object;Ljava/lang/Object;ZZ)Ljava/lang/Object; @ 162
Event: 58.527 Thread 0x0000000019ef3800 Uncommon trap: reason=unstable_if action=reinterpret pc=0x00000000049fd120 method=java.util.HashMap.putVal(ILjava/lang/Object;Ljava/lang/Object;ZZ)Ljava/lang/Object; @ 162
Event: 58.528 Thread 0x0000000019ef3800 Uncommon trap: reason=unstable_if action=reinterpret pc=0x0000000004badd3c method=java.util.HashMap.resize()[Ljava/util/HashMap$Node; @ 206
Event: 58.837 Thread 0x0000000019ef3800 Uncommon trap: reason=unstable_if action=reinterpret pc=0x00000000051c38b4 method=java.lang.reflect.Modifier.toString(I)Ljava/lang/String; @ 123

Classes redefined (0 events):
No events

Internal exceptions (10 events):
Event: 34.656 Thread 0x0000000019ef3800 Exception <a 'java/lang/ClassNotFoundException': org/gradle/api/internal/AbstractTaskCustomizer> (0x00000000ed1ee650) thrown at [D:\src\AOSP-openjdk-cygwin\jdk8u\hotspot\src\share\vm\classfile\systemDictionary.cpp, line 210]
Event: 34.660 Thread 0x0000000019ef3800 Exception <a 'java/lang/ClassNotFoundException': org/gradle/api/DefaultTaskCustomizer> (0x00000000ed2763e0) thrown at [D:\src\AOSP-openjdk-cygwin\jdk8u\hotspot\src\share\vm\classfile\systemDictionary.cpp, line 210]
Event: 34.662 Thread 0x0000000019ef3800 Exception <a 'java/lang/ClassNotFoundException': org/gradle/api/internal/ConventionTaskCustomizer> (0x00000000ed2afbf0) thrown at [D:\src\AOSP-openjdk-cygwin\jdk8u\hotspot\src\share\vm\classfile\systemDictionary.cpp, line 210]
Event: 34.664 Thread 0x0000000019ef3800 Exception <a 'java/lang/ClassNotFoundException': org/gradle/api/tasks/DeleteCustomizer> (0x00000000ed2e7388) thrown at [D:\src\AOSP-openjdk-cygwin\jdk8u\hotspot\src\share\vm\classfile\systemDictionary.cpp, line 210]
Event: 34.666 Thread 0x0000000019ef3800 Exception <a 'java/lang/ClassNotFoundException': org/gradle/api/tasks/Delete_DecoratedCustomizer> (0x00000000ed32c470) thrown at [D:\src\AOSP-openjdk-cygwin\jdk8u\hotspot\src\share\vm\classfile\systemDictionary.cpp, line 210]
Event: 35.353 Thread 0x0000000019ef3800 Exception <a 'java/lang/ClassNotFoundException': build_7que5y6tcst3mmp7hoxf0o8ijBeanInfo> (0x00000000ed43b418) thrown at [D:\src\AOSP-openjdk-cygwin\jdk8u\hotspot\src\share\vm\classfile\systemDictionary.cpp, line 210]
Event: 35.354 Thread 0x0000000019ef3800 Exception <a 'java/lang/ClassNotFoundException': build_7que5y6tcst3mmp7hoxf0o8ijCustomizer> (0x00000000ed4458e0) thrown at [D:\src\AOSP-openjdk-cygwin\jdk8u\hotspot\src\share\vm\classfile\systemDictionary.cpp, line 210]
Event: 35.365 Thread 0x0000000019ef3800 Exception <a 'java/lang/ClassNotFoundException': org/gradle/api/internal/plugins/DefaultObjectConfigurationActionBeanInfo> (0x00000000ed4aa9c0) thrown at [D:\src\AOSP-openjdk-cygwin\jdk8u\hotspot\src\share\vm\classfile\systemDictionary.cpp, line 210]
Event: 35.366 Thread 0x0000000019ef3800 Exception <a 'java/lang/ClassNotFoundException': org/gradle/api/internal/plugins/DefaultObjectConfigurationActionCustomizer> (0x00000000ed4eda60) thrown at [D:\src\AOSP-openjdk-cygwin\jdk8u\hotspot\src\share\vm\classfile\systemDictionary.cpp, line 210]
Event: 57.078 Thread 0x0000000019ef3800 Exception <a 'sun/nio/fs/WindowsException'> (0x00000000eafc8a40) thrown at [D:\src\AOSP-openjdk-cygwin\jdk8u\hotspot\src\share\vm\prims\jni.cpp, line 709]

Events (10 events):
Event: 58.777 loading class org/gradle/model/internal/manage/schema/extract/JavaUtilCollectionStrategy$1 done
Event: 58.822 loading class java/lang/Throwable$PrintStreamOrWriter
Event: 58.837 loading class java/lang/Throwable$PrintStreamOrWriter done
Event: 58.837 Thread 0x0000000019ef3800 Uncommon trap: trap_request=0xffffff65 fr.pc=0x00000000051c38b4
Event: 58.837 Thread 0x0000000019ef3800 DEOPT PACKING pc=0x00000000051c38b4 sp=0x000000001b419f60
Event: 58.837 Thread 0x0000000019ef3800 DEOPT UNPACKING pc=0x00000000047c557b sp=0x000000001b419ec8 mode 2
Event: 58.840 loading class org/gradle/api/file/FileTreeElement
Event: 58.840 loading class org/gradle/api/file/FileTreeElement done
Event: 58.843 loading class org/gradle/api/file/FileVisitDetails
Event: 58.843 loading class org/gradle/api/file/FileVisitDetails done


Dynamic libraries:
0x00007ff78fa10000 - 0x00007ff78fa41000 	C:\Program Files\Android\Android Studio\jre\bin\java.exe
0x00007ffd44720000 - 0x00007ffd44900000 	C:\WINDOWS\SYSTEM32\ntdll.dll
0x00007ffd443d0000 - 0x00007ffd4447e000 	C:\WINDOWS\System32\KERNEL32.DLL
0x00007ffd40e80000 - 0x00007ffd410e6000 	C:\WINDOWS\System32\KERNELBASE.dll
0x00007ffd44640000 - 0x00007ffd446e1000 	C:\WINDOWS\System32\ADVAPI32.dll
0x00007ffd44480000 - 0x00007ffd4451d000 	C:\WINDOWS\System32\msvcrt.dll
0x00007ffd425b0000 - 0x00007ffd4260b000 	C:\WINDOWS\System32\sechost.dll
0x00007ffd44520000 - 0x00007ffd4463f000 	C:\WINDOWS\System32\RPCRT4.dll
0x00007ffd41bf0000 - 0x00007ffd41d7f000 	C:\WINDOWS\System32\USER32.dll
0x00007ffd40cc0000 - 0x00007ffd40ce0000 	C:\WINDOWS\System32\win32u.dll
0x00007ffd42580000 - 0x00007ffd425a8000 	C:\WINDOWS\System32\GDI32.dll
0x00007ffd40b20000 - 0x00007ffd40cb3000 	C:\WINDOWS\System32\gdi32full.dll
0x00007ffd40de0000 - 0x00007ffd40e7b000 	C:\WINDOWS\System32\msvcp_win.dll
0x00007ffd40ce0000 - 0x00007ffd40dd6000 	C:\WINDOWS\System32\ucrtbase.dll
0x00007ffd34be0000 - 0x00007ffd34e49000 	C:\WINDOWS\WinSxS\amd64_microsoft.windows.common-controls_6595b64144ccf1df_6.0.16299.431_none_15c7d3ee93659e73\COMCTL32.dll
0x00007ffd421e0000 - 0x00007ffd424e8000 	C:\WINDOWS\System32\combase.dll
0x00007ffd41370000 - 0x00007ffd413e2000 	C:\WINDOWS\System32\bcryptPrimitives.dll
0x00007ffd42550000 - 0x00007ffd4257d000 	C:\WINDOWS\System32\IMM32.DLL
0x00000000627d0000 - 0x00000000628a2000 	C:\Program Files\Android\Android Studio\jre\jre\bin\msvcr100.dll
0x0000000062990000 - 0x00000000631cf000 	C:\Program Files\Android\Android Studio\jre\jre\bin\server\jvm.dll
0x00007ffd44160000 - 0x00007ffd44168000 	C:\WINDOWS\System32\PSAPI.DLL
0x00007ffd3d6e0000 - 0x00007ffd3d6e9000 	C:\WINDOWS\SYSTEM32\WSOCK32.dll
0x00007ffd3d550000 - 0x00007ffd3d573000 	C:\WINDOWS\SYSTEM32\WINMM.dll
0x00007ffd3bd10000 - 0x00007ffd3bd1a000 	C:\WINDOWS\SYSTEM32\VERSION.dll
0x00007ffd440f0000 - 0x00007ffd4415c000 	C:\WINDOWS\System32\WS2_32.dll
0x00007ffd3d4f0000 - 0x00007ffd3d51a000 	C:\WINDOWS\SYSTEM32\winmmbase.dll
0x00007ffd41320000 - 0x00007ffd4136a000 	C:\WINDOWS\System32\cfgmgr32.dll
0x00007ffd3b950000 - 0x00007ffd3b95f000 	C:\Program Files\Android\Android Studio\jre\jre\bin\verify.dll
0x00007ffd2cdd0000 - 0x00007ffd2cdf9000 	C:\Program Files\Android\Android Studio\jre\jre\bin\java.dll
0x00007ffd2e7d0000 - 0x00007ffd2e7e6000 	C:\Program Files\Android\Android Studio\jre\jre\bin\zip.dll
0x00007ffd42990000 - 0x00007ffd43dc8000 	C:\WINDOWS\System32\SHELL32.dll
0x00007ffd43f10000 - 0x00007ffd43fb6000 	C:\WINDOWS\System32\shcore.dll
0x00007ffd414a0000 - 0x00007ffd41be7000 	C:\WINDOWS\System32\windows.storage.dll
0x00007ffd424f0000 - 0x00007ffd42541000 	C:\WINDOWS\System32\shlwapi.dll
0x00007ffd40ae0000 - 0x00007ffd40af1000 	C:\WINDOWS\System32\kernel.appcore.dll
0x00007ffd40a90000 - 0x00007ffd40adc000 	C:\WINDOWS\System32\powrprof.dll
0x00007ffd40b00000 - 0x00007ffd40b1b000 	C:\WINDOWS\System32\profapi.dll
0x00007ffd2ca80000 - 0x00007ffd2ca9a000 	C:\Program Files\Android\Android Studio\jre\jre\bin\net.dll
0x00007ffd40300000 - 0x00007ffd40366000 	C:\WINDOWS\system32\mswsock.dll
0x00007ffd2ca60000 - 0x00007ffd2ca71000 	C:\Program Files\Android\Android Studio\jre\jre\bin\nio.dll
0x00007ffd32820000 - 0x00007ffd3283e000 	C:\Users\henri\.gradle\native\25\windows-amd64\native-platform.dll
0x00007ffd3b6c0000 - 0x00007ffd3b6cd000 	C:\Program Files\Android\Android Studio\jre\jre\bin\management.dll
0x00007ffd404c0000 - 0x00007ffd404d7000 	C:\WINDOWS\SYSTEM32\CRYPTSP.dll
0x00007ffd3ff00000 - 0x00007ffd3ff33000 	C:\WINDOWS\system32\rsaenh.dll
0x00007ffd405d0000 - 0x00007ffd405f5000 	C:\WINDOWS\SYSTEM32\bcrypt.dll
0x00007ffd409a0000 - 0x00007ffd409c9000 	C:\WINDOWS\SYSTEM32\USERENV.dll
0x00007ffd404e0000 - 0x00007ffd404eb000 	C:\WINDOWS\SYSTEM32\CRYPTBASE.dll
0x00007ffd40090000 - 0x00007ffd400c9000 	C:\WINDOWS\SYSTEM32\IPHLPAPI.DLL
0x00007ffd421d0000 - 0x00007ffd421d8000 	C:\WINDOWS\System32\NSI.dll
0x00007ffd3be30000 - 0x00007ffd3be46000 	C:\WINDOWS\SYSTEM32\dhcpcsvc6.DLL
0x00007ffd3bee0000 - 0x00007ffd3befa000 	C:\WINDOWS\SYSTEM32\dhcpcsvc.DLL

VM Arguments:
jvm_args: -Xmx1024m -Dfile.encoding=windows-1252 -Duser.country=BR -Duser.language=pt -Duser.variant 
java_command: org.gradle.launcher.daemon.bootstrap.GradleDaemon 4.4
java_class_path (initial): C:\Users\henri\.gradle\wrapper\dists\gradle-4.4-all\9br9xq1tocpiv8o6njlyu5op1\gradle-4.4\lib\gradle-launcher-4.4.jar
Launcher Type: SUN_STANDARD

Environment Variables:
PATH=C:\Program Files (x86)\Common Files\Oracle\Java\javapath;C:\Program Files (x86)\Intel\iCLS Client\;C:\Program Files\Intel\iCLS Client\;C:\windows\system32;C:\windows;C:\windows\System32\Wbem;C:\windows\System32\WindowsPowerShell\v1.0\;C:\Program Files (x86)\NVIDIA Corporation\PhysX\Common;C:\Program Files (x86)\Intel\Intel(R) Management Engine Components\DAL;C:\Program Files\Intel\Intel(R) Management Engine Components\DAL;C:\Program Files (x86)\Intel\Intel(R) Management Engine Components\IPT;C:\Program Files\Intel\Intel(R) Management Engine Components\IPT;C:\WINDOWS\system32;C:\WINDOWS;C:\WINDOWS\System32\Wbem;C:\WINDOWS\System32\WindowsPowerShell\v1.0\;C:\Users\henri\AppData\Local\Microsoft\WindowsApps;
USERNAME=henri
OS=Windows_NT
PROCESSOR_IDENTIFIER=Intel64 Family 6 Model 142 Stepping 9, GenuineIntel



---------------  S Y S T E M  ---------------

OS: Windows 10.0 , 64 bit Build 16299 (10.0.16299.431)

CPU:total 4 (initial active 4) (2 cores per cpu, 2 threads per core) family 6 model 142 stepping 9, cmov, cx8, fxsr, mmx, sse, sse2, sse3, ssse3, sse4.1, sse4.2, popcnt, avx, avx2, aes, clmul, erms, 3dnowpref, lzcnt, ht, tsc, tscinvbit, bmi1, bmi2, adx

Memory: 4k page, physical 8299936k(821212k free), swap 12492192k(2428k free)

vm_info: OpenJDK 64-Bit Server VM (25.152-b02) for windows-amd64 JRE (1.8.0_152-release-1024-b02), built by "builder" with MS VC++ 10.0 (VS2010)

time: Thu May 17 19:47:58 2018
elapsed time: 59 seconds (0d 0h 0m 59s)

